TN:
SF:src\app.module.ts
FNF:0
FNH:0
DA:1,0
DA:2,0
DA:3,0
DA:4,0
DA:5,0
DA:6,0
DA:7,0
DA:8,0
DA:9,0
DA:10,0
DA:11,0
DA:12,0
DA:13,0
DA:14,0
DA:15,0
DA:16,0
DA:17,0
DA:18,0
DA:19,0
DA:20,0
DA:21,0
DA:22,0
DA:23,0
DA:24,0
DA:25,0
DA:26,0
DA:27,0
DA:28,0
DA:29,0
DA:30,0
DA:31,0
DA:33,0
DA:34,0
DA:35,0
DA:36,0
DA:37,0
DA:113,0
LF:37
LH:0
BRF:0
BRH:0
end_of_record
TN:
SF:src\main.ts
FN:13,(anonymous_10)
FN:15,bootstrap
FN:49,(anonymous_12)
FN:109,(anonymous_13)
FN:147,(anonymous_14)
FN:154,(anonymous_15)
FN:204,(anonymous_16)
FNF:7
FNH:0
FNDA:0,(anonymous_10)
FNDA:0,bootstrap
FNDA:0,(anonymous_12)
FNDA:0,(anonymous_13)
FNDA:0,(anonymous_14)
FNDA:0,(anonymous_15)
FNDA:0,(anonymous_16)
DA:1,0
DA:2,0
DA:3,0
DA:4,0
DA:5,0
DA:6,0
DA:7,0
DA:8,0
DA:9,0
DA:10,0
DA:11,0
DA:13,0
DA:16,0
DA:20,0
DA:21,0
DA:22,0
DA:23,0
DA:26,0
DA:27,0
DA:28,0
DA:36,0
DA:37,0
DA:38,0
DA:42,0
DA:43,0
DA:46,0
DA:49,0
DA:50,0
DA:53,0
DA:71,0
DA:72,0
DA:73,0
DA:74,0
DA:75,0
DA:80,0
DA:84,0
DA:85,0
DA:86,0
DA:89,0
DA:93,0
DA:108,0
DA:111,0
DA:114,0
DA:127,0
DA:147,0
DA:148,0
DA:149,0
DA:150,0
DA:154,0
DA:155,0
DA:156,0
DA:157,0
DA:161,0
DA:191,0
DA:199,0
DA:203,0
DA:204,0
DA:206,0
DA:210,0
DA:211,0
DA:212,0
DA:213,0
DA:216,0
LF:63
LH:0
BRDA:27,0,0,0
BRDA:53,1,0,0
BRDA:53,1,1,0
BRDA:53,1,2,0
BRDA:53,1,3,0
BRDA:71,2,0,0
BRDA:71,3,0,0
BRDA:71,3,1,0
BRDA:84,4,0,0
BRDA:111,5,0,0
BRDA:114,6,0,0
BRDA:164,7,0,0
BRDA:164,7,1,0
BRDA:179,8,0,0
BRDA:179,8,1,0
BRDA:213,9,0,0
BRDA:213,9,1,0
BRF:17
BRH:0
end_of_record
TN:
SF:src\activity\activity.listener.ts
FN:16,(anonymous_2)
FN:19,(anonymous_3)
FN:26,(anonymous_4)
FN:31,(anonymous_5)
FN:36,(anonymous_6)
FN:41,(anonymous_7)
FN:46,(anonymous_8)
FN:50,(anonymous_9)
FNF:8
FNH:3
FNDA:12,(anonymous_2)
FNDA:16,(anonymous_3)
FNDA:0,(anonymous_4)
FNDA:0,(anonymous_5)
FNDA:0,(anonymous_6)
FNDA:0,(anonymous_7)
FNDA:0,(anonymous_8)
FNDA:16,(anonymous_9)
DA:1,2
DA:2,2
DA:3,2
DA:4,2
DA:13,2
DA:14,12
DA:16,12
DA:19,2
DA:20,16
DA:22,16
DA:23,16
DA:31,2
DA:32,0
DA:36,2
DA:37,0
DA:41,2
DA:42,0
DA:46,2
DA:47,0
DA:51,16
DA:52,16
DA:62,6
LF:22
LH:18
BRDA:22,0,0,16
BRDA:55,1,0,16
BRDA:55,1,1,0
BRDA:57,2,0,0
BRDA:57,2,1,16
BRDA:16,3,0,2
BRDA:16,3,1,0
BRDA:16,4,0,2
BRDA:16,4,1,2
BRF:9
BRH:6
end_of_record
TN:
SF:src\activity\activity.module.ts
FNF:0
FNH:0
DA:1,0
DA:2,0
DA:7,0
LF:3
LH:0
BRF:0
BRH:0
end_of_record
TN:
SF:src\admin\admin.controller.ts
FN:20,(anonymous_4)
FN:28,(anonymous_5)
FN:32,(anonymous_6)
FN:35,(anonymous_7)
FN:66,(anonymous_8)
FN:71,(anonymous_9)
FN:75,(anonymous_10)
FN:78,(anonymous_11)
FN:82,(anonymous_12)
FN:100,(anonymous_13)
FN:107,(anonymous_14)
FN:110,(anonymous_15)
FN:115,(anonymous_16)
FN:133,(anonymous_17)
FN:138,(anonymous_18)
FN:143,(anonymous_19)
FN:148,(anonymous_20)
FN:154,(anonymous_21)
FN:159,(anonymous_22)
FN:164,(anonymous_23)
FN:170,(anonymous_24)
FN:175,(anonymous_25)
FN:180,(anonymous_26)
FN:185,(anonymous_27)
FN:190,(anonymous_28)
FN:195,(anonymous_29)
FN:200,(anonymous_30)
FN:205,(anonymous_31)
FN:210,(anonymous_32)
FN:217,(anonymous_33)
FN:224,(anonymous_34)
FN:234,(anonymous_35)
FN:240,(anonymous_36)
FN:252,(anonymous_37)
FN:262,(anonymous_38)
FN:280,(anonymous_39)
FN:302,(anonymous_40)
FN:323,(anonymous_41)
FNF:38
FNH:0
FNDA:0,(anonymous_4)
FNDA:0,(anonymous_5)
FNDA:0,(anonymous_6)
FNDA:0,(anonymous_7)
FNDA:0,(anonymous_8)
FNDA:0,(anonymous_9)
FNDA:0,(anonymous_10)
FNDA:0,(anonymous_11)
FNDA:0,(anonymous_12)
FNDA:0,(anonymous_13)
FNDA:0,(anonymous_14)
FNDA:0,(anonymous_15)
FNDA:0,(anonymous_16)
FNDA:0,(anonymous_17)
FNDA:0,(anonymous_18)
FNDA:0,(anonymous_19)
FNDA:0,(anonymous_20)
FNDA:0,(anonymous_21)
FNDA:0,(anonymous_22)
FNDA:0,(anonymous_23)
FNDA:0,(anonymous_24)
FNDA:0,(anonymous_25)
FNDA:0,(anonymous_26)
FNDA:0,(anonymous_27)
FNDA:0,(anonymous_28)
FNDA:0,(anonymous_29)
FNDA:0,(anonymous_30)
FNDA:0,(anonymous_31)
FNDA:0,(anonymous_32)
FNDA:0,(anonymous_33)
FNDA:0,(anonymous_34)
FNDA:0,(anonymous_35)
FNDA:0,(anonymous_36)
FNDA:0,(anonymous_37)
FNDA:0,(anonymous_38)
FNDA:0,(anonymous_39)
FNDA:0,(anonymous_40)
FNDA:0,(anonymous_41)
DA:1,0
DA:6,0
DA:7,0
DA:9,0
DA:10,0
DA:11,0
DA:12,0
DA:13,0
DA:19,0
DA:21,0
DA:22,0
DA:23,0
DA:28,0
DA:32,0
DA:35,0
DA:40,0
DA:43,0
DA:44,0
DA:45,0
DA:51,0
DA:59,0
DA:62,0
DA:66,0
DA:67,0
DA:71,0
DA:75,0
DA:78,0
DA:82,0
DA:95,0
DA:100,0
DA:103,0
DA:107,0
DA:110,0
DA:111,0
DA:115,0
DA:128,0
DA:133,0
DA:134,0
DA:138,0
DA:139,0
DA:143,0
DA:144,0
DA:148,0
DA:149,0
DA:154,0
DA:155,0
DA:159,0
DA:160,0
DA:164,0
DA:165,0
DA:170,0
DA:171,0
DA:175,0
DA:176,0
DA:180,0
DA:181,0
DA:185,0
DA:186,0
DA:190,0
DA:191,0
DA:195,0
DA:196,0
DA:200,0
DA:201,0
DA:205,0
DA:206,0
DA:210,0
DA:211,0
DA:212,0
DA:217,0
DA:218,0
DA:224,0
DA:228,0
DA:229,0
DA:234,0
DA:235,0
DA:236,0
DA:240,0
DA:246,0
DA:247,0
DA:248,0
DA:252,0
DA:257,0
DA:258,0
DA:262,0
DA:269,0
DA:270,0
DA:272,0
DA:273,0
DA:275,0
DA:280,0
DA:284,0
DA:285,0
DA:287,0
DA:302,0
DA:308,0
DA:309,0
DA:310,0
DA:317,0
DA:323,0
DA:325,0
LF:101
LH:0
BRDA:43,0,0,0
BRDA:43,0,1,0
BRDA:43,1,0,0
BRDA:43,1,1,0
BRDA:45,2,0,0
BRDA:45,2,1,0
BRDA:47,3,0,0
BRDA:47,3,1,0
BRDA:48,4,0,0
BRDA:48,4,1,0
BRDA:54,5,0,0
BRDA:54,5,1,0
BRDA:55,6,0,0
BRDA:55,6,1,0
BRDA:92,7,0,0
BRDA:93,8,0,0
BRDA:126,9,0,0
BRDA:143,10,0,0
BRDA:154,11,0,0
BRDA:164,12,0,0
BRDA:200,13,0,0
BRDA:205,14,0,0
BRDA:211,15,0,0
BRDA:226,16,0,0
BRDA:228,17,0,0
BRDA:235,18,0,0
BRDA:244,19,0,0
BRDA:246,20,0,0
BRDA:247,21,0,0
BRDA:255,22,0,0
BRDA:257,23,0,0
BRDA:266,24,0,0
BRDA:267,25,0,0
BRDA:269,26,0,0
BRDA:269,27,0,0
BRDA:269,27,1,0
BRDA:275,28,0,0
BRDA:275,28,1,0
BRDA:282,29,0,0
BRDA:287,30,0,0
BRDA:287,30,1,0
BRDA:305,31,0,0
BRDA:306,32,0,0
BRDA:308,33,0,0
BRDA:317,34,0,0
BRDA:317,34,1,0
BRDA:90,35,0,0
BRDA:90,35,1,0
BRDA:90,36,0,0
BRDA:90,36,1,0
BRDA:90,36,2,0
BRDA:90,37,0,0
BRDA:90,37,1,0
BRDA:90,38,0,0
BRDA:90,38,1,0
BRDA:101,39,0,0
BRDA:101,39,1,0
BRDA:101,40,0,0
BRDA:101,40,1,0
BRDA:101,40,2,0
BRDA:124,41,0,0
BRDA:124,41,1,0
BRDA:124,42,0,0
BRDA:124,42,1,0
BRDA:124,42,2,0
BRDA:124,43,0,0
BRDA:124,43,1,0
BRDA:124,44,0,0
BRDA:124,44,1,0
BRDA:133,45,0,0
BRDA:133,45,1,0
BRDA:133,46,0,0
BRDA:133,46,1,0
BRDA:138,47,0,0
BRDA:138,47,1,0
BRDA:138,48,0,0
BRDA:138,48,1,0
BRDA:170,49,0,0
BRDA:170,49,1,0
BRDA:170,50,0,0
BRDA:170,50,1,0
BRDA:217,51,0,0
BRDA:217,51,1,0
BRDA:217,52,0,0
BRDA:217,52,1,0
BRDA:241,53,0,0
BRDA:241,53,1,0
BRDA:241,54,0,0
BRDA:241,54,1,0
BRDA:253,55,0,0
BRDA:253,55,1,0
BRDA:253,56,0,0
BRDA:253,56,1,0
BRDA:263,57,0,0
BRDA:263,57,1,0
BRDA:263,58,0,0
BRDA:263,58,1,0
BRDA:281,59,0,0
BRDA:281,59,1,0
BRDA:281,60,0,0
BRDA:281,60,1,0
BRDA:303,61,0,0
BRDA:303,61,1,0
BRDA:303,62,0,0
BRDA:303,62,1,0
BRDA:21,63,0,0
BRDA:21,63,1,0
BRDA:21,64,0,0
BRDA:21,64,1,0
BRDA:21,65,0,0
BRDA:21,65,1,0
BRDA:21,66,0,0
BRDA:21,66,1,0
BRDA:22,67,0,0
BRDA:22,67,1,0
BRDA:22,68,0,0
BRDA:22,68,1,0
BRF:117
BRH:0
end_of_record
TN:
SF:src\admin\admin.module.ts
FNF:0
FNH:0
DA:1,0
DA:2,0
DA:3,0
DA:4,0
DA:5,0
DA:6,0
DA:7,0
DA:8,0
DA:9,0
DA:10,0
DA:11,0
DA:12,0
DA:19,0
LF:13
LH:0
BRF:0
BRH:0
end_of_record
TN:
SF:src\admin\admin.service.ts
FN:15,(anonymous_13)
FN:25,(anonymous_14)
FN:30,(anonymous_15)
FN:84,(anonymous_16)
FN:99,(anonymous_17)
FN:125,(anonymous_18)
FN:133,(anonymous_19)
FN:138,(anonymous_20)
FN:146,(anonymous_21)
FN:153,(anonymous_22)
FN:160,(anonymous_23)
FN:168,(anonymous_24)
FN:176,(anonymous_25)
FN:179,(anonymous_26)
FN:197,(anonymous_27)
FN:289,(anonymous_28)
FN:291,(anonymous_29)
FN:293,(anonymous_30)
FN:313,(anonymous_31)
FN:317,(anonymous_32)
FN:320,(anonymous_33)
FN:321,(anonymous_34)
FN:322,(anonymous_35)
FN:323,(anonymous_36)
FN:375,(anonymous_37)
FN:392,(anonymous_38)
FN:420,(anonymous_39)
FN:435,(anonymous_40)
FN:446,(anonymous_41)
FN:455,(anonymous_42)
FN:465,(anonymous_43)
FN:469,(anonymous_44)
FN:472,(anonymous_45)
FN:473,(anonymous_46)
FN:529,(anonymous_47)
FN:530,(anonymous_48)
FN:531,(anonymous_49)
FN:532,(anonymous_50)
FN:534,(anonymous_51)
FN:536,(anonymous_52)
FN:537,(anonymous_53)
FN:543,(anonymous_54)
FN:554,(anonymous_55)
FN:603,(anonymous_56)
FN:608,(anonymous_57)
FN:615,(anonymous_58)
FN:618,(anonymous_59)
FN:619,(anonymous_60)
FN:623,(anonymous_61)
FN:645,(anonymous_62)
FN:651,(anonymous_63)
FN:668,(anonymous_64)
FN:671,(anonymous_65)
FN:673,(anonymous_66)
FN:678,(anonymous_67)
FN:707,(anonymous_68)
FN:726,(anonymous_69)
FN:745,(anonymous_70)
FN:772,(anonymous_71)
FN:806,(anonymous_72)
FN:818,(anonymous_73)
FN:836,(anonymous_74)
FN:848,(anonymous_75)
FN:864,(anonymous_76)
FN:865,(anonymous_77)
FN:866,(anonymous_78)
FN:901,(anonymous_79)
FNF:67
FNH:0
FNDA:0,(anonymous_13)
FNDA:0,(anonymous_14)
FNDA:0,(anonymous_15)
FNDA:0,(anonymous_16)
FNDA:0,(anonymous_17)
FNDA:0,(anonymous_18)
FNDA:0,(anonymous_19)
FNDA:0,(anonymous_20)
FNDA:0,(anonymous_21)
FNDA:0,(anonymous_22)
FNDA:0,(anonymous_23)
FNDA:0,(anonymous_24)
FNDA:0,(anonymous_25)
FNDA:0,(anonymous_26)
FNDA:0,(anonymous_27)
FNDA:0,(anonymous_28)
FNDA:0,(anonymous_29)
FNDA:0,(anonymous_30)
FNDA:0,(anonymous_31)
FNDA:0,(anonymous_32)
FNDA:0,(anonymous_33)
FNDA:0,(anonymous_34)
FNDA:0,(anonymous_35)
FNDA:0,(anonymous_36)
FNDA:0,(anonymous_37)
FNDA:0,(anonymous_38)
FNDA:0,(anonymous_39)
FNDA:0,(anonymous_40)
FNDA:0,(anonymous_41)
FNDA:0,(anonymous_42)
FNDA:0,(anonymous_43)
FNDA:0,(anonymous_44)
FNDA:0,(anonymous_45)
FNDA:0,(anonymous_46)
FNDA:0,(anonymous_47)
FNDA:0,(anonymous_48)
FNDA:0,(anonymous_49)
FNDA:0,(anonymous_50)
FNDA:0,(anonymous_51)
FNDA:0,(anonymous_52)
FNDA:0,(anonymous_53)
FNDA:0,(anonymous_54)
FNDA:0,(anonymous_55)
FNDA:0,(anonymous_56)
FNDA:0,(anonymous_57)
FNDA:0,(anonymous_58)
FNDA:0,(anonymous_59)
FNDA:0,(anonymous_60)
FNDA:0,(anonymous_61)
FNDA:0,(anonymous_62)
FNDA:0,(anonymous_63)
FNDA:0,(anonymous_64)
FNDA:0,(anonymous_65)
FNDA:0,(anonymous_66)
FNDA:0,(anonymous_67)
FNDA:0,(anonymous_68)
FNDA:0,(anonymous_69)
FNDA:0,(anonymous_70)
FNDA:0,(anonymous_71)
FNDA:0,(anonymous_72)
FNDA:0,(anonymous_73)
FNDA:0,(anonymous_74)
FNDA:0,(anonymous_75)
FNDA:0,(anonymous_76)
FNDA:0,(anonymous_77)
FNDA:0,(anonymous_78)
FNDA:0,(anonymous_79)
DA:1,0
DA:2,0
DA:3,0
DA:4,0
DA:5,0
DA:6,0
DA:7,0
DA:8,0
DA:9,0
DA:10,0
DA:11,0
DA:14,0
DA:16,0
DA:17,0
DA:18,0
DA:19,0
DA:20,0
DA:21,0
DA:26,0
DA:27,0
DA:31,0
DA:37,0
DA:43,0
DA:44,0
DA:51,0
DA:52,0
DA:53,0
DA:54,0
DA:56,0
DA:57,0
DA:58,0
DA:62,0
DA:69,0
DA:75,0
DA:85,0
DA:100,0
DA:103,0
DA:104,0
DA:105,0
DA:106,0
DA:108,0
DA:112,0
DA:122,0
DA:126,0
DA:134,0
DA:135,0
DA:139,0
DA:147,0
DA:153,0
DA:154,0
DA:161,0
DA:169,0
DA:171,0
DA:176,0
DA:181,0
DA:182,0
DA:185,0
DA:187,0
DA:192,0
DA:193,0
DA:197,0
DA:198,0
DA:199,0
DA:211,0
DA:212,0
DA:213,0
DA:214,0
DA:217,0
DA:218,0
DA:219,0
DA:222,0
DA:223,0
DA:224,0
DA:225,0
DA:226,0
DA:231,0
DA:244,0
DA:257,0
DA:258,0
DA:259,0
DA:265,0
DA:287,0
DA:288,0
DA:290,0
DA:291,0
DA:296,0
DA:317,0
DA:318,0
DA:320,0
DA:321,0
DA:322,0
DA:323,0
DA:326,0
DA:327,0
DA:329,0
DA:330,0
DA:331,0
DA:333,0
DA:335,0
DA:338,0
DA:341,0
DA:342,0
DA:343,0
DA:346,0
DA:364,0
DA:365,0
DA:367,0
DA:368,0
DA:372,0
DA:379,0
DA:394,0
DA:396,0
DA:397,0
DA:399,0
DA:400,0
DA:402,0
DA:403,0
DA:410,0
DA:413,0
DA:422,0
DA:436,0
DA:437,0
DA:438,0
DA:439,0
DA:440,0
DA:442,0
DA:443,0
DA:447,0
DA:448,0
DA:461,0
DA:463,0
DA:464,0
DA:465,0
DA:468,0
DA:469,0
DA:472,0
DA:473,0
DA:475,0
DA:476,0
DA:477,0
DA:479,0
DA:480,0
DA:482,0
DA:483,0
DA:486,0
DA:498,0
DA:500,0
DA:514,0
DA:520,0
DA:522,0
DA:526,0
DA:530,0
DA:531,0
DA:532,0
DA:533,0
DA:534,0
DA:535,0
DA:536,0
DA:537,0
DA:538,0
DA:544,0
DA:555,0
DA:563,0
DA:565,0
DA:566,0
DA:572,0
DA:574,0
DA:587,0
DA:590,0
DA:604,0
DA:605,0
DA:609,0
DA:611,0
DA:614,0
DA:615,0
DA:618,0
DA:619,0
DA:621,0
DA:622,0
DA:623,0
DA:642,0
DA:650,0
DA:651,0
DA:664,0
DA:667,0
DA:668,0
DA:671,0
DA:673,0
DA:674,0
DA:676,0
DA:677,0
DA:678,0
DA:697,0
DA:708,0
DA:709,0
DA:714,0
DA:715,0
DA:716,0
DA:717,0
DA:718,0
DA:720,0
DA:723,0
DA:727,0
DA:732,0
DA:733,0
DA:734,0
DA:735,0
DA:736,0
DA:737,0
DA:739,0
DA:742,0
DA:746,0
DA:751,0
DA:752,0
DA:753,0
DA:759,0
DA:760,0
DA:764,0
DA:766,0
DA:769,0
DA:777,0
DA:782,0
DA:784,0
DA:785,0
DA:786,0
DA:788,0
DA:800,0
DA:803,0
DA:807,0
DA:819,0
DA:836,0
DA:849,0
DA:865,0
DA:866,0
DA:867,0
DA:869,0
DA:874,0
DA:876,0
DA:877,0
DA:878,0
DA:879,0
DA:883,0
DA:884,0
DA:885,0
DA:889,0
DA:891,0
DA:894,0
DA:898,0
DA:902,0
DA:907,0
DA:909,0
DA:910,0
DA:911,0
DA:912,0
DA:913,0
DA:917,0
DA:919,0
DA:922,0
DA:926,0
LF:259
LH:0
BRDA:58,0,0,0
BRDA:86,1,0,0
BRDA:86,1,1,0
BRDA:100,2,0,0
BRDA:100,2,1,0
BRDA:104,3,0,0
BRDA:104,4,0,0
BRDA:104,4,1,0
BRDA:104,4,2,0
BRDA:105,5,0,0
BRDA:105,5,1,0
BRDA:117,6,0,0
BRDA:117,6,1,0
BRDA:140,7,0,0
BRDA:140,7,1,0
BRDA:176,8,0,0
BRDA:176,8,1,0
BRDA:179,9,0,0
BRDA:187,10,0,0
BRDA:187,10,1,0
BRDA:198,11,0,0
BRDA:206,12,0,0
BRDA:206,12,1,0
BRDA:212,13,0,0
BRDA:213,14,0,0
BRDA:213,14,1,0
BRDA:217,15,0,0
BRDA:217,15,1,0
BRDA:218,16,0,0
BRDA:218,16,1,0
BRDA:218,16,2,0
BRDA:218,17,0,0
BRDA:218,17,1,0
BRDA:219,18,0,0
BRDA:219,18,1,0
BRDA:219,18,2,0
BRDA:219,19,0,0
BRDA:219,19,1,0
BRDA:223,20,0,0
BRDA:224,21,0,0
BRDA:224,21,1,0
BRDA:225,22,0,0
BRDA:225,22,1,0
BRDA:240,23,0,0
BRDA:240,23,1,0
BRDA:241,24,0,0
BRDA:241,24,1,0
BRDA:268,25,0,0
BRDA:268,25,1,0
BRDA:269,26,0,0
BRDA:269,26,1,0
BRDA:270,27,0,0
BRDA:270,27,1,0
BRDA:271,28,0,0
BRDA:271,28,1,0
BRDA:272,29,0,0
BRDA:272,29,1,0
BRDA:273,30,0,0
BRDA:273,30,1,0
BRDA:274,31,0,0
BRDA:274,31,1,0
BRDA:275,32,0,0
BRDA:275,32,1,0
BRDA:275,33,0,0
BRDA:275,33,1,0
BRDA:287,34,0,0
BRDA:287,35,0,0
BRDA:287,35,1,0
BRDA:288,36,0,0
BRDA:288,36,1,0
BRDA:290,37,0,0
BRDA:290,38,0,0
BRDA:290,38,1,0
BRDA:318,39,0,0
BRDA:323,40,0,0
BRDA:323,40,1,0
BRDA:330,41,0,0
BRDA:330,41,1,0
BRDA:330,41,2,0
BRDA:331,42,0,0
BRDA:338,43,0,0
BRDA:338,44,0,0
BRDA:338,44,1,0
BRDA:342,45,0,0
BRDA:342,46,0,0
BRDA:342,46,1,0
BRDA:343,47,0,0
BRDA:343,47,1,0
BRDA:349,48,0,0
BRDA:349,48,1,0
BRDA:349,48,2,0
BRDA:350,49,0,0
BRDA:350,49,1,0
BRDA:350,49,2,0
BRDA:351,50,0,0
BRDA:351,50,1,0
BRDA:351,50,2,0
BRDA:352,51,0,0
BRDA:352,51,1,0
BRDA:353,52,0,0
BRDA:353,52,1,0
BRDA:354,53,0,0
BRDA:354,53,1,0
BRDA:355,54,0,0
BRDA:355,54,1,0
BRDA:356,55,0,0
BRDA:356,55,1,0
BRDA:356,56,0,0
BRDA:356,56,1,0
BRDA:357,57,0,0
BRDA:357,57,1,0
BRDA:358,58,0,0
BRDA:358,58,1,0
BRDA:365,59,0,0
BRDA:365,59,1,0
BRDA:365,59,2,0
BRDA:365,60,0,0
BRDA:365,60,1,0
BRDA:368,61,0,0
BRDA:368,61,1,0
BRDA:382,62,0,0
BRDA:382,62,1,0
BRDA:383,63,0,0
BRDA:383,63,1,0
BRDA:384,64,0,0
BRDA:384,64,1,0
BRDA:385,65,0,0
BRDA:385,65,1,0
BRDA:386,66,0,0
BRDA:386,66,1,0
BRDA:387,67,0,0
BRDA:387,67,1,0
BRDA:397,68,0,0
BRDA:399,69,0,0
BRDA:399,69,1,0
BRDA:400,70,0,0
BRDA:400,70,1,0
BRDA:430,71,0,0
BRDA:430,71,1,0
BRDA:437,72,0,0
BRDA:489,73,0,0
BRDA:489,73,1,0
BRDA:503,74,0,0
BRDA:503,74,1,0
BRDA:504,75,0,0
BRDA:504,75,1,0
BRDA:533,76,0,0
BRDA:533,76,1,0
BRDA:554,77,0,0
BRDA:558,78,0,0
BRDA:558,78,1,0
BRDA:568,79,0,0
BRDA:568,79,1,0
BRDA:569,80,0,0
BRDA:569,80,1,0
BRDA:572,81,0,0
BRDA:577,82,0,0
BRDA:577,82,1,0
BRDA:578,83,0,0
BRDA:578,83,1,0
BRDA:579,84,0,0
BRDA:579,84,1,0
BRDA:580,85,0,0
BRDA:580,85,1,0
BRDA:581,86,0,0
BRDA:581,86,1,0
BRDA:582,87,0,0
BRDA:582,87,1,0
BRDA:583,88,0,0
BRDA:583,88,1,0
BRDA:584,89,0,0
BRDA:584,89,1,0
BRDA:603,90,0,0
BRDA:611,91,0,0
BRDA:619,92,0,0
BRDA:619,92,1,0
BRDA:621,93,0,0
BRDA:625,94,0,0
BRDA:625,94,1,0
BRDA:626,95,0,0
BRDA:626,95,1,0
BRDA:627,96,0,0
BRDA:627,96,1,0
BRDA:628,97,0,0
BRDA:628,97,1,0
BRDA:629,98,0,0
BRDA:629,98,1,0
BRDA:630,99,0,0
BRDA:630,99,1,0
BRDA:631,100,0,0
BRDA:631,100,1,0
BRDA:645,101,0,0
BRDA:650,102,0,0
BRDA:650,102,1,0
BRDA:652,103,0,0
BRDA:652,103,1,0
BRDA:653,104,0,0
BRDA:653,104,1,0
BRDA:657,105,0,0
BRDA:657,105,1,0
BRDA:658,106,0,0
BRDA:658,106,1,0
BRDA:659,107,0,0
BRDA:659,107,1,0
BRDA:660,108,0,0
BRDA:660,108,1,0
BRDA:664,109,0,0
BRDA:676,110,0,0
BRDA:726,111,0,0
BRDA:728,112,0,0
BRDA:728,112,1,0
BRDA:734,113,0,0
BRDA:734,113,1,0
BRDA:734,114,0,0
BRDA:734,114,1,0
BRDA:735,115,0,0
BRDA:735,115,1,0
BRDA:745,116,0,0
BRDA:747,117,0,0
BRDA:747,117,1,0
BRDA:755,118,0,0
BRDA:755,118,1,0
BRDA:756,119,0,0
BRDA:756,119,1,0
BRDA:759,120,0,0
BRDA:759,120,1,0
BRDA:759,121,0,0
BRDA:759,121,1,0
BRDA:772,122,0,0
BRDA:778,123,0,0
BRDA:778,123,1,0
BRDA:785,124,0,0
BRDA:785,124,1,0
BRDA:786,125,0,0
BRDA:843,126,0,0
BRDA:843,126,1,0
BRDA:864,127,0,0
BRDA:870,128,0,0
BRDA:870,128,1,0
BRDA:877,129,0,0
BRDA:877,129,1,0
BRDA:884,130,0,0
BRDA:884,130,1,0
BRDA:901,131,0,0
BRDA:903,132,0,0
BRDA:903,132,1,0
BRDA:911,133,0,0
BRDA:911,133,1,0
BRDA:912,134,0,0
BRDA:912,134,1,0
BRDA:16,135,0,0
BRDA:16,135,1,0
BRDA:16,136,0,0
BRDA:16,136,1,0
BRDA:16,137,0,0
BRDA:16,137,1,0
BRDA:16,138,0,0
BRDA:16,138,1,0
BRDA:17,139,0,0
BRDA:17,139,1,0
BRDA:17,140,0,0
BRDA:17,140,1,0
BRDA:18,141,0,0
BRDA:18,141,1,0
BRDA:18,142,0,0
BRDA:18,142,1,0
BRDA:19,143,0,0
BRDA:19,143,1,0
BRDA:19,144,0,0
BRDA:19,144,1,0
BRDA:20,145,0,0
BRDA:20,145,1,0
BRDA:20,146,0,0
BRDA:20,146,1,0
BRF:274
BRH:0
end_of_record
TN:
SF:src\admin\magic-import-sse.controller.ts
FN:11,(anonymous_4)
FN:15,(anonymous_5)
FN:22,(anonymous_6)
FN:28,(anonymous_7)
FN:33,(anonymous_8)
FNF:5
FNH:0
FNDA:0,(anonymous_4)
FNDA:0,(anonymous_5)
FNDA:0,(anonymous_6)
FNDA:0,(anonymous_7)
FNDA:0,(anonymous_8)
DA:1,0
DA:2,0
DA:3,0
DA:10,0
DA:11,0
DA:15,0
DA:16,0
DA:17,0
DA:18,0
DA:19,0
DA:20,0
DA:22,0
DA:23,0
DA:26,0
DA:28,0
DA:29,0
DA:30,0
DA:33,0
LF:18
LH:0
BRDA:30,0,0,0
BRDA:11,1,0,0
BRDA:11,1,1,0
BRDA:11,2,0,0
BRDA:11,2,1,0
BRF:5
BRH:0
end_of_record
TN:
SF:src\admin\magic-import.service.ts
FN:45,(anonymous_13)
FN:56,(anonymous_14)
FN:59,(anonymous_15)
FN:62,(anonymous_16)
FN:64,(anonymous_17)
FN:69,(anonymous_18)
FN:82,(anonymous_19)
FN:94,(anonymous_20)
FN:104,(anonymous_21)
FN:107,(anonymous_22)
FN:130,(anonymous_23)
FN:142,(anonymous_24)
FN:216,(anonymous_25)
FN:230,(anonymous_26)
FN:231,(anonymous_27)
FN:235,(anonymous_28)
FN:307,(anonymous_29)
FN:307,(anonymous_30)
FN:308,(anonymous_31)
FN:316,(anonymous_32)
FN:327,(anonymous_33)
FN:338,(anonymous_34)
FN:354,(anonymous_35)
FN:362,(anonymous_36)
FN:377,(anonymous_37)
FN:388,(anonymous_38)
FN:399,(anonymous_39)
FN:407,(anonymous_40)
FN:416,(anonymous_41)
FN:420,(anonymous_42)
FN:427,(anonymous_43)
FN:432,(anonymous_44)
FN:433,(anonymous_45)
FN:434,(anonymous_46)
FN:435,(anonymous_47)
FN:443,(anonymous_48)
FN:447,(anonymous_49)
FN:453,(anonymous_50)
FN:485,(anonymous_51)
FN:502,(anonymous_52)
FN:529,(anonymous_53)
FN:547,(anonymous_54)
FN:581,(anonymous_55)
FN:604,(anonymous_56)
FN:622,(anonymous_57)
FN:672,(anonymous_58)
FN:726,(anonymous_59)
FN:737,(anonymous_60)
FN:835,(anonymous_61)
FN:842,(anonymous_62)
FN:950,(anonymous_63)
FN:962,(anonymous_64)
FNF:52
FNH:0
FNDA:0,(anonymous_13)
FNDA:0,(anonymous_14)
FNDA:0,(anonymous_15)
FNDA:0,(anonymous_16)
FNDA:0,(anonymous_17)
FNDA:0,(anonymous_18)
FNDA:0,(anonymous_19)
FNDA:0,(anonymous_20)
FNDA:0,(anonymous_21)
FNDA:0,(anonymous_22)
FNDA:0,(anonymous_23)
FNDA:0,(anonymous_24)
FNDA:0,(anonymous_25)
FNDA:0,(anonymous_26)
FNDA:0,(anonymous_27)
FNDA:0,(anonymous_28)
FNDA:0,(anonymous_29)
FNDA:0,(anonymous_30)
FNDA:0,(anonymous_31)
FNDA:0,(anonymous_32)
FNDA:0,(anonymous_33)
FNDA:0,(anonymous_34)
FNDA:0,(anonymous_35)
FNDA:0,(anonymous_36)
FNDA:0,(anonymous_37)
FNDA:0,(anonymous_38)
FNDA:0,(anonymous_39)
FNDA:0,(anonymous_40)
FNDA:0,(anonymous_41)
FNDA:0,(anonymous_42)
FNDA:0,(anonymous_43)
FNDA:0,(anonymous_44)
FNDA:0,(anonymous_45)
FNDA:0,(anonymous_46)
FNDA:0,(anonymous_47)
FNDA:0,(anonymous_48)
FNDA:0,(anonymous_49)
FNDA:0,(anonymous_50)
FNDA:0,(anonymous_51)
FNDA:0,(anonymous_52)
FNDA:0,(anonymous_53)
FNDA:0,(anonymous_54)
FNDA:0,(anonymous_55)
FNDA:0,(anonymous_56)
FNDA:0,(anonymous_57)
FNDA:0,(anonymous_58)
FNDA:0,(anonymous_59)
FNDA:0,(anonymous_60)
FNDA:0,(anonymous_61)
FNDA:0,(anonymous_62)
FNDA:0,(anonymous_63)
FNDA:0,(anonymous_64)
DA:1,0
DA:2,0
DA:3,0
DA:4,0
DA:5,0
DA:6,0
DA:7,0
DA:8,0
DA:9,0
DA:10,0
DA:11,0
DA:12,0
DA:15,0
DA:38,0
DA:39,0
DA:40,0
DA:41,0
DA:42,0
DA:43,0
DA:46,0
DA:47,0
DA:48,0
DA:49,0
DA:54,0
DA:57,0
DA:58,0
DA:59,0
DA:63,0
DA:64,0
DA:71,0
DA:72,0
DA:73,0
DA:75,0
DA:78,0
DA:79,0
DA:80,0
DA:82,0
DA:95,0
DA:96,0
DA:97,0
DA:99,0
DA:100,0
DA:101,0
DA:102,0
DA:104,0
DA:107,0
DA:108,0
DA:109,0
DA:110,0
DA:111,0
DA:119,0
DA:130,0
DA:131,0
DA:134,0
DA:137,0
DA:148,0
DA:149,0
DA:150,0
DA:152,0
DA:153,0
DA:154,0
DA:155,0
DA:156,0
DA:157,0
DA:158,0
DA:161,0
DA:162,0
DA:163,0
DA:164,0
DA:165,0
DA:168,0
DA:169,0
DA:170,0
DA:172,0
DA:173,0
DA:174,0
DA:175,0
DA:179,0
DA:182,0
DA:183,0
DA:184,0
DA:185,0
DA:188,0
DA:189,0
DA:198,0
DA:200,0
DA:201,0
DA:205,0
DA:206,0
DA:207,0
DA:210,0
DA:211,0
DA:221,0
DA:222,0
DA:223,0
DA:224,0
DA:226,0
DA:229,0
DA:230,0
DA:231,0
DA:232,0
DA:235,0
DA:236,0
DA:238,0
DA:241,0
DA:242,0
DA:243,0
DA:244,0
DA:245,0
DA:246,0
DA:249,0
DA:250,0
DA:251,0
DA:253,0
DA:254,0
DA:255,0
DA:256,0
DA:259,0
DA:264,0
DA:265,0
DA:267,0
DA:268,0
DA:269,0
DA:271,0
DA:272,0
DA:274,0
DA:276,0
DA:277,0
DA:278,0
DA:279,0
DA:280,0
DA:282,0
DA:284,0
DA:285,0
DA:287,0
DA:290,0
DA:291,0
DA:292,0
DA:293,0
DA:295,0
DA:296,0
DA:297,0
DA:298,0
DA:299,0
DA:300,0
DA:305,0
DA:306,0
DA:307,0
DA:308,0
DA:309,0
DA:310,0
DA:311,0
DA:314,0
DA:316,0
DA:319,0
DA:320,0
DA:322,0
DA:328,0
DA:331,0
DA:332,0
DA:334,0
DA:335,0
DA:336,0
DA:338,0
DA:349,0
DA:354,0
DA:363,0
DA:364,0
DA:367,0
DA:368,0
DA:369,0
DA:372,0
DA:378,0
DA:379,0
DA:380,0
DA:383,0
DA:384,0
DA:385,0
DA:386,0
DA:387,0
DA:388,0
DA:391,0
DA:394,0
DA:400,0
DA:401,0
DA:403,0
DA:408,0
DA:410,0
DA:411,0
DA:413,0
DA:417,0
DA:421,0
DA:427,0
DA:429,0
DA:430,0
DA:431,0
DA:432,0
DA:433,0
DA:434,0
DA:435,0
DA:436,0
DA:438,0
DA:439,0
DA:440,0
DA:441,0
DA:443,0
DA:444,0
DA:447,0
DA:455,0
DA:456,0
DA:457,0
DA:463,0
DA:464,0
DA:465,0
DA:466,0
DA:467,0
DA:468,0
DA:469,0
DA:475,0
DA:476,0
DA:477,0
DA:478,0
DA:479,0
DA:482,0
DA:486,0
DA:507,0
DA:515,0
DA:516,0
DA:517,0
DA:524,0
DA:530,0
DA:531,0
DA:532,0
DA:533,0
DA:551,0
DA:557,0
DA:558,0
DA:559,0
DA:563,0
DA:564,0
DA:566,0
DA:567,0
DA:568,0
DA:569,0
DA:570,0
DA:572,0
DA:576,0
DA:577,0
DA:578,0
DA:579,0
DA:581,0
DA:582,0
DA:583,0
DA:587,0
DA:588,0
DA:589,0
DA:590,0
DA:591,0
DA:593,0
DA:595,0
DA:596,0
DA:597,0
DA:598,0
DA:599,0
DA:600,0
DA:601,0
DA:603,0
DA:604,0
DA:605,0
DA:607,0
DA:611,0
DA:612,0
DA:614,0
DA:616,0
DA:618,0
DA:619,0
DA:620,0
DA:622,0
DA:623,0
DA:626,0
DA:627,0
DA:628,0
DA:631,0
DA:632,0
DA:633,0
DA:634,0
DA:635,0
DA:636,0
DA:638,0
DA:639,0
DA:644,0
DA:645,0
DA:646,0
DA:647,0
DA:648,0
DA:650,0
DA:651,0
DA:654,0
DA:656,0
DA:657,0
DA:658,0
DA:660,0
DA:663,0
DA:664,0
DA:666,0
DA:678,0
DA:679,0
DA:680,0
DA:681,0
DA:682,0
DA:684,0
DA:685,0
DA:687,0
DA:688,0
DA:689,0
DA:693,0
DA:694,0
DA:695,0
DA:698,0
DA:699,0
DA:701,0
DA:706,0
DA:707,0
DA:708,0
DA:710,0
DA:726,0
DA:743,0
DA:746,0
DA:747,0
DA:748,0
DA:749,0
DA:750,0
DA:759,0
DA:760,0
DA:761,0
DA:762,0
DA:763,0
DA:766,0
DA:767,0
DA:768,0
DA:771,0
DA:772,0
DA:774,0
DA:775,0
DA:776,0
DA:779,0
DA:780,0
DA:782,0
DA:783,0
DA:784,0
DA:786,0
DA:787,0
DA:796,0
DA:797,0
DA:798,0
DA:800,0
DA:818,0
DA:819,0
DA:822,0
DA:823,0
DA:827,0
DA:828,0
DA:830,0
DA:842,0
DA:843,0
DA:844,0
DA:848,0
DA:849,0
DA:852,0
DA:853,0
DA:856,0
DA:857,0
DA:861,0
DA:862,0
DA:863,0
DA:864,0
DA:869,0
DA:870,0
DA:871,0
DA:873,0
DA:874,0
DA:875,0
DA:878,0
DA:880,0
DA:881,0
DA:882,0
DA:883,0
DA:884,0
DA:885,0
DA:888,0
DA:894,0
DA:895,0
DA:896,0
DA:897,0
DA:898,0
DA:901,0
DA:902,0
DA:903,0
DA:904,0
DA:905,0
DA:907,0
DA:908,0
DA:909,0
DA:911,0
DA:913,0
DA:914,0
DA:915,0
DA:917,0
DA:918,0
DA:919,0
DA:921,0
DA:923,0
DA:929,0
DA:931,0
DA:932,0
DA:933,0
DA:935,0
DA:944,0
DA:945,0
DA:947,0
DA:950,0
DA:951,0
DA:952,0
DA:953,0
DA:955,0
DA:956,0
DA:957,0
DA:958,0
DA:962,0
DA:966,0
DA:967,0
DA:969,0
LF:432
LH:0
BRDA:57,0,0,0
BRDA:69,1,0,0
BRDA:73,2,0,0
BRDA:80,3,0,0
BRDA:84,4,0,0
BRDA:84,4,1,0
BRDA:85,5,0,0
BRDA:85,5,1,0
BRDA:86,6,0,0
BRDA:86,6,1,0
BRDA:87,7,0,0
BRDA:87,7,1,0
BRDA:87,7,2,0
BRDA:87,7,3,0
BRDA:88,8,0,0
BRDA:88,8,1,0
BRDA:97,9,0,0
BRDA:102,10,0,0
BRDA:104,11,0,0
BRDA:104,11,1,0
BRDA:110,12,0,0
BRDA:110,12,1,0
BRDA:110,12,2,0
BRDA:110,12,3,0
BRDA:113,13,0,0
BRDA:113,13,1,0
BRDA:114,14,0,0
BRDA:114,14,1,0
BRDA:114,14,2,0
BRDA:114,14,3,0
BRDA:115,15,0,0
BRDA:115,15,1,0
BRDA:121,16,0,0
BRDA:121,16,1,0
BRDA:122,17,0,0
BRDA:122,17,1,0
BRDA:122,17,2,0
BRDA:122,17,3,0
BRDA:123,18,0,0
BRDA:123,18,1,0
BRDA:124,19,0,0
BRDA:124,19,1,0
BRDA:134,20,0,0
BRDA:134,20,1,0
BRDA:155,21,0,0
BRDA:162,22,0,0
BRDA:168,23,0,0
BRDA:168,23,1,0
BRDA:169,24,0,0
BRDA:169,24,1,0
BRDA:169,24,2,0
BRDA:169,24,3,0
BRDA:170,25,0,0
BRDA:170,25,1,0
BRDA:172,26,0,0
BRDA:182,27,0,0
BRDA:191,28,0,0
BRDA:191,28,1,0
BRDA:192,29,0,0
BRDA:192,29,1,0
BRDA:195,30,0,0
BRDA:195,30,1,0
BRDA:200,31,0,0
BRDA:200,31,1,0
BRDA:205,32,0,0
BRDA:241,33,0,0
BRDA:251,34,0,0
BRDA:265,35,0,0
BRDA:268,36,0,0
BRDA:268,36,1,0
BRDA:269,37,0,0
BRDA:278,38,0,0
BRDA:278,38,1,0
BRDA:282,39,0,0
BRDA:282,39,1,0
BRDA:282,40,0,0
BRDA:282,40,1,0
BRDA:282,41,0,0
BRDA:282,41,1,0
BRDA:284,42,0,0
BRDA:284,42,1,0
BRDA:295,43,0,0
BRDA:295,43,1,0
BRDA:311,44,0,0
BRDA:332,45,0,0
BRDA:336,46,0,0
BRDA:338,47,0,0
BRDA:338,47,1,0
BRDA:340,48,0,0
BRDA:340,48,1,0
BRDA:341,49,0,0
BRDA:341,49,1,0
BRDA:342,50,0,0
BRDA:342,50,1,0
BRDA:342,50,2,0
BRDA:343,51,0,0
BRDA:343,51,1,0
BRDA:344,52,0,0
BRDA:344,52,1,0
BRDA:345,53,0,0
BRDA:345,53,1,0
BRDA:346,54,0,0
BRDA:346,54,1,0
BRDA:351,55,0,0
BRDA:351,55,1,0
BRDA:352,56,0,0
BRDA:352,56,1,0
BRDA:353,57,0,0
BRDA:353,57,1,0
BRDA:353,57,2,0
BRDA:353,57,3,0
BRDA:354,58,0,0
BRDA:354,58,1,0
BRDA:355,59,0,0
BRDA:355,59,1,0
BRDA:368,60,0,0
BRDA:384,61,0,0
BRDA:386,62,0,0
BRDA:386,62,1,0
BRDA:387,63,0,0
BRDA:387,63,1,0
BRDA:401,64,0,0
BRDA:410,65,0,0
BRDA:417,66,0,0
BRDA:417,66,1,0
BRDA:438,67,0,0
BRDA:438,67,1,0
BRDA:440,68,0,0
BRDA:440,68,1,0
BRDA:443,69,0,0
BRDA:443,69,1,0
BRDA:455,70,0,0
BRDA:455,70,1,0
BRDA:456,71,0,0
BRDA:458,72,0,0
BRDA:458,72,1,0
BRDA:469,73,0,0
BRDA:479,74,0,0
BRDA:515,75,0,0
BRDA:516,76,0,0
BRDA:532,77,0,0
BRDA:532,77,1,0
BRDA:557,78,0,0
BRDA:567,79,0,0
BRDA:567,79,1,0
BRDA:567,80,0,0
BRDA:567,80,1,0
BRDA:569,81,0,0
BRDA:616,82,0,0
BRDA:616,82,1,0
BRDA:618,83,0,0
BRDA:618,83,1,0
BRDA:618,84,0,0
BRDA:618,84,1,0
BRDA:623,85,0,0
BRDA:623,85,1,0
BRDA:626,86,0,0
BRDA:626,86,1,0
BRDA:626,87,0,0
BRDA:626,87,1,0
BRDA:631,88,0,0
BRDA:631,88,1,0
BRDA:632,89,0,0
BRDA:632,89,1,0
BRDA:633,90,0,0
BRDA:633,90,1,0
BRDA:644,91,0,0
BRDA:644,91,1,0
BRDA:645,92,0,0
BRDA:645,92,1,0
BRDA:685,93,0,0
BRDA:688,94,0,0
BRDA:688,94,1,0
BRDA:689,95,0,0
BRDA:693,96,0,0
BRDA:693,96,1,0
BRDA:694,97,0,0
BRDA:698,98,0,0
BRDA:698,98,1,0
BRDA:698,98,2,0
BRDA:699,99,0,0
BRDA:699,99,1,0
BRDA:699,99,2,0
BRDA:707,100,0,0
BRDA:707,100,1,0
BRDA:713,101,0,0
BRDA:713,101,1,0
BRDA:714,102,0,0
BRDA:714,102,1,0
BRDA:715,103,0,0
BRDA:715,103,1,0
BRDA:722,104,0,0
BRDA:722,104,1,0
BRDA:743,105,0,0
BRDA:743,105,1,0
BRDA:746,106,0,0
BRDA:748,107,0,0
BRDA:759,108,0,0
BRDA:759,108,1,0
BRDA:774,109,0,0
BRDA:790,110,0,0
BRDA:790,110,1,0
BRDA:796,111,0,0
BRDA:796,111,1,0
BRDA:803,112,0,0
BRDA:803,112,1,0
BRDA:804,113,0,0
BRDA:804,113,1,0
BRDA:805,114,0,0
BRDA:805,114,1,0
BRDA:806,115,0,0
BRDA:806,115,1,0
BRDA:807,116,0,0
BRDA:807,116,1,0
BRDA:808,117,0,0
BRDA:808,117,1,0
BRDA:809,118,0,0
BRDA:809,118,1,0
BRDA:840,119,0,0
BRDA:842,120,0,0
BRDA:843,121,0,0
BRDA:843,121,1,0
BRDA:843,122,0,0
BRDA:843,122,1,0
BRDA:843,123,0,0
BRDA:843,123,1,0
BRDA:849,124,0,0
BRDA:853,125,0,0
BRDA:857,126,0,0
BRDA:857,126,1,0
BRDA:861,127,0,0
BRDA:894,128,0,0
BRDA:909,129,0,0
BRDA:915,130,0,0
BRDA:918,131,0,0
BRDA:918,131,1,0
BRDA:919,132,0,0
BRDA:937,133,0,0
BRDA:937,133,1,0
BRDA:941,134,0,0
BRDA:941,134,1,0
BRDA:944,135,0,0
BRDA:944,135,1,0
BRDA:46,136,0,0
BRDA:46,136,1,0
BRDA:46,137,0,0
BRDA:46,137,1,0
BRDA:46,138,0,0
BRDA:46,138,1,0
BRDA:46,139,0,0
BRDA:46,139,1,0
BRDA:47,140,0,0
BRDA:47,140,1,0
BRDA:47,141,0,0
BRDA:47,141,1,0
BRDA:48,142,0,0
BRDA:48,142,1,0
BRDA:48,143,0,0
BRDA:48,143,1,0
BRF:259
BRH:0
end_of_record
TN:
SF:src\admin\spotdl.controller.ts
FN:11,(anonymous_4)
FN:19,(anonymous_5)
FN:38,(anonymous_6)
FN:46,(anonymous_7)
FNF:4
FNH:0
FNDA:0,(anonymous_4)
FNDA:0,(anonymous_5)
FNDA:0,(anonymous_6)
FNDA:0,(anonymous_7)
DA:1,0
DA:2,0
DA:3,0
DA:4,0
DA:10,0
DA:11,0
DA:19,0
DA:24,0
DA:26,0
DA:27,0
DA:28,0
DA:32,0
DA:33,0
DA:34,0
DA:35,0
DA:36,0
DA:38,0
DA:39,0
DA:42,0
DA:43,0
DA:46,0
DA:48,0
DA:50,0
DA:52,0
LF:24
LH:0
BRDA:24,0,0,0
BRDA:27,1,0,0
BRDA:50,2,0,0
BRDA:50,2,1,0
BRDA:21,3,0,0
BRDA:21,3,1,0
BRDA:21,4,0,0
BRDA:21,4,1,0
BRDA:21,5,0,0
BRDA:21,5,1,0
BRDA:21,6,0,0
BRDA:21,6,1,0
BRDA:11,7,0,0
BRDA:11,7,1,0
BRDA:11,8,0,0
BRDA:11,8,1,0
BRF:16
BRH:0
end_of_record
TN:
SF:src\admin\spotdl.service.ts
FN:26,(anonymous_11)
FN:37,(anonymous_12)
FN:129,(anonymous_13)
FN:130,(anonymous_14)
FN:148,(anonymous_15)
FN:169,(anonymous_16)
FN:173,(anonymous_17)
FN:176,(anonymous_18)
FN:177,(anonymous_19)
FNF:9
FNH:0
FNDA:0,(anonymous_11)
FNDA:0,(anonymous_12)
FNDA:0,(anonymous_13)
FNDA:0,(anonymous_14)
FNDA:0,(anonymous_15)
FNDA:0,(anonymous_16)
FNDA:0,(anonymous_17)
FNDA:0,(anonymous_18)
FNDA:0,(anonymous_19)
DA:1,0
DA:2,0
DA:3,0
DA:4,0
DA:5,0
DA:6,0
DA:7,0
DA:8,0
DA:9,0
DA:11,0
DA:12,0
DA:23,0
DA:24,0
DA:27,0
DA:28,0
DA:29,0
DA:42,0
DA:43,0
DA:45,0
DA:47,0
DA:49,0
DA:50,0
DA:51,0
DA:55,0
DA:56,0
DA:57,0
DA:59,0
DA:61,0
DA:63,0
DA:64,0
DA:65,0
DA:66,0
DA:69,0
DA:72,0
DA:75,0
DA:76,0
DA:79,0
DA:80,0
DA:87,0
DA:88,0
DA:89,0
DA:90,0
DA:91,0
DA:92,0
DA:93,0
DA:94,0
DA:99,0
DA:114,0
DA:116,0
DA:117,0
DA:121,0
DA:122,0
DA:125,0
DA:130,0
DA:131,0
DA:141,0
DA:142,0
DA:144,0
DA:145,0
DA:146,0
DA:148,0
DA:149,0
DA:150,0
DA:153,0
DA:154,0
DA:155,0
DA:156,0
DA:159,0
DA:160,0
DA:161,0
DA:164,0
DA:165,0
DA:169,0
DA:170,0
DA:173,0
DA:175,0
DA:176,0
DA:177,0
DA:179,0
DA:180,0
DA:182,0
DA:186,0
LF:82
LH:0
BRDA:49,0,0,0
BRDA:65,1,0,0
BRDA:65,1,1,0
BRDA:66,2,0,0
BRDA:66,2,1,0
BRDA:70,3,0,0
BRDA:70,3,1,0
BRDA:72,4,0,0
BRDA:76,5,0,0
BRDA:76,5,1,0
BRDA:82,6,0,0
BRDA:82,6,1,0
BRDA:90,7,0,0
BRDA:93,8,0,0
BRDA:93,8,1,0
BRDA:94,9,0,0
BRDA:94,9,1,0
BRDA:104,10,0,0
BRDA:104,10,1,0
BRDA:153,11,0,0
BRDA:155,12,0,0
BRDA:159,13,0,0
BRDA:159,14,0,0
BRDA:159,14,1,0
BRDA:161,15,0,0
BRDA:164,16,0,0
BRDA:176,17,0,0
BRDA:176,17,1,0
BRDA:176,17,2,0
BRDA:179,18,0,0
BRDA:179,18,1,0
BRDA:179,19,0,0
BRDA:179,19,1,0
BRDA:27,20,0,0
BRDA:27,20,1,0
BRDA:27,21,0,0
BRDA:27,21,1,0
BRDA:27,22,0,0
BRDA:27,22,1,0
BRDA:27,23,0,0
BRDA:27,23,1,0
BRDA:28,24,0,0
BRDA:28,24,1,0
BRDA:28,25,0,0
BRDA:28,25,1,0
BRF:45
BRH:0
end_of_record
TN:
SF:src\app-update\app-update.controller.ts
FN:16,(anonymous_13)
FN:20,(anonymous_14)
FN:29,(anonymous_15)
FN:36,(anonymous_16)
FN:44,(anonymous_17)
FN:53,(anonymous_18)
FN:65,(anonymous_19)
FN:77,(anonymous_20)
FN:96,(anonymous_21)
FN:108,(anonymous_22)
FN:118,(anonymous_23)
FNF:11
FNH:0
FNDA:0,(anonymous_13)
FNDA:0,(anonymous_14)
FNDA:0,(anonymous_15)
FNDA:0,(anonymous_16)
FNDA:0,(anonymous_17)
FNDA:0,(anonymous_18)
FNDA:0,(anonymous_19)
FNDA:0,(anonymous_20)
FNDA:0,(anonymous_21)
FNDA:0,(anonymous_22)
FNDA:0,(anonymous_23)
DA:1,0
DA:2,0
DA:3,0
DA:4,0
DA:5,0
DA:6,0
DA:7,0
DA:8,0
DA:10,0
DA:11,0
DA:12,0
DA:15,0
DA:16,0
DA:20,0
DA:21,0
DA:22,0
DA:24,0
DA:29,0
DA:30,0
DA:31,0
DA:36,0
DA:37,0
DA:38,0
DA:39,0
DA:44,0
DA:45,0
DA:46,0
DA:47,0
DA:53,0
DA:59,0
DA:65,0
DA:71,0
DA:77,0
DA:78,0
DA:79,0
DA:81,0
DA:85,0
DA:91,0
DA:94,0
DA:95,0
DA:96,0
DA:97,0
DA:98,0
DA:99,0
DA:102,0
DA:108,0
DA:109,0
DA:110,0
DA:115,0
DA:125,0
DA:126,0
DA:128,0
DA:130,0
DA:134,0
DA:135,0
DA:136,0
DA:137,0
DA:138,0
DA:141,0
DA:142,0
DA:150,0
DA:153,0
DA:156,0
DA:157,0
DA:160,0
DA:162,0
LF:66
LH:0
BRDA:21,0,0,0
BRDA:30,1,0,0
BRDA:38,2,0,0
BRDA:46,3,0,0
BRDA:78,4,0,0
BRDA:79,5,0,0
BRDA:81,6,0,0
BRDA:81,6,1,0
BRDA:88,7,0,0
BRDA:88,7,1,0
BRDA:94,8,0,0
BRDA:97,9,0,0
BRDA:97,9,1,0
BRDA:108,10,0,0
BRDA:109,11,0,0
BRDA:125,12,0,0
BRDA:126,13,0,0
BRDA:130,14,0,0
BRDA:130,14,1,0
BRDA:135,15,0,0
BRDA:137,16,0,0
BRDA:137,16,1,0
BRDA:141,17,0,0
BRDA:141,17,1,0
BRDA:146,18,0,0
BRDA:146,18,1,0
BRDA:153,19,0,0
BRDA:153,19,1,0
BRDA:36,20,0,0
BRDA:36,20,1,0
BRDA:36,21,0,0
BRDA:36,21,1,0
BRDA:44,22,0,0
BRDA:44,22,1,0
BRDA:44,23,0,0
BRDA:44,23,1,0
BRDA:54,24,0,0
BRDA:54,24,1,0
BRDA:54,25,0,0
BRDA:54,25,1,0
BRDA:54,25,2,0
BRDA:54,26,0,0
BRDA:54,26,1,0
BRDA:54,27,0,0
BRDA:54,27,1,0
BRDA:66,28,0,0
BRDA:66,28,1,0
BRDA:66,29,0,0
BRDA:66,29,1,0
BRDA:66,29,2,0
BRDA:66,30,0,0
BRDA:66,30,1,0
BRDA:66,31,0,0
BRDA:66,31,1,0
BRDA:16,32,0,0
BRDA:16,32,1,0
BRDA:16,33,0,0
BRDA:16,33,1,0
BRF:58
BRH:0
end_of_record
TN:
SF:src\app-update\app-update.module.ts
FNF:0
FNH:0
DA:1,0
DA:2,0
DA:3,0
DA:9,0
LF:4
LH:0
BRF:0
BRH:0
end_of_record
TN:
SF:src\artists\artists.controller.ts
FN:10,(anonymous_4)
FN:17,(anonymous_5)
FN:26,(anonymous_6)
FN:35,(anonymous_7)
FN:44,(anonymous_8)
FN:54,(anonymous_9)
FNF:6
FNH:0
FNDA:0,(anonymous_4)
FNDA:0,(anonymous_5)
FNDA:0,(anonymous_6)
FNDA:0,(anonymous_7)
FNDA:0,(anonymous_8)
FNDA:0,(anonymous_9)
DA:1,0
DA:2,0
DA:3,0
DA:4,0
DA:9,0
DA:10,0
DA:17,0
DA:18,0
DA:26,0
DA:27,0
DA:35,0
DA:36,0
DA:44,0
DA:45,0
DA:46,0
DA:54,0
DA:55,0
DA:56,0
LF:18
LH:0
BRDA:27,0,0,0
BRDA:27,0,1,0
BRDA:36,1,0,0
BRDA:36,1,1,0
BRDA:10,2,0,0
BRDA:10,2,1,0
BRDA:10,3,0,0
BRDA:10,3,1,0
BRF:8
BRH:0
end_of_record
TN:
SF:src\artists\artists.module.ts
FNF:0
FNH:0
DA:1,0
DA:2,0
DA:3,0
DA:4,0
DA:12,0
LF:5
LH:0
BRF:0
BRH:0
end_of_record
TN:
SF:src\artists\artists.service.ts
FN:6,(anonymous_2)
FN:11,(anonymous_3)
FN:53,(anonymous_4)
FN:56,(anonymous_5)
FN:57,(anonymous_6)
FN:58,(anonymous_7)
FN:91,(anonymous_8)
FN:124,(anonymous_9)
FN:130,(anonymous_10)
FN:138,(anonymous_11)
FN:144,(anonymous_12)
FN:158,(anonymous_13)
FN:186,(anonymous_14)
FNF:13
FNH:0
FNDA:0,(anonymous_2)
FNDA:0,(anonymous_3)
FNDA:0,(anonymous_4)
FNDA:0,(anonymous_5)
FNDA:0,(anonymous_6)
FNDA:0,(anonymous_7)
FNDA:0,(anonymous_8)
FNDA:0,(anonymous_9)
FNDA:0,(anonymous_10)
FNDA:0,(anonymous_11)
FNDA:0,(anonymous_12)
FNDA:0,(anonymous_13)
FNDA:0,(anonymous_14)
DA:1,0
DA:2,0
DA:5,0
DA:6,0
DA:13,0
DA:29,0
DA:30,0
DA:34,0
DA:35,0
DA:37,0
DA:38,0
DA:39,0
DA:40,0
DA:47,0
DA:48,0
DA:49,0
DA:52,0
DA:53,0
DA:56,0
DA:57,0
DA:58,0
DA:61,0
DA:62,0
DA:65,0
DA:66,0
DA:72,0
DA:75,0
DA:92,0
DA:109,0
DA:110,0
DA:111,0
DA:112,0
DA:113,0
DA:119,0
DA:120,0
DA:123,0
DA:124,0
DA:131,0
DA:133,0
DA:138,0
DA:145,0
DA:147,0
DA:159,0
DA:169,0
DA:170,0
DA:171,0
DA:172,0
DA:173,0
DA:180,0
DA:181,0
DA:182,0
DA:185,0
DA:186,0
LF:53
LH:0
BRDA:29,0,0,0
BRDA:38,1,0,0
BRDA:38,1,1,0
BRDA:39,2,0,0
BRDA:62,3,0,0
BRDA:91,4,0,0
BRDA:111,5,0,0
BRDA:112,6,0,0
BRDA:158,7,0,0
BRDA:171,8,0,0
BRDA:172,9,0,0
BRDA:6,10,0,0
BRDA:6,10,1,0
BRDA:6,11,0,0
BRDA:6,11,1,0
BRF:15
BRH:0
end_of_record
TN:
SF:src\audio\accessibility.service.ts
FN:6,(anonymous_2)
FN:8,(anonymous_3)
FN:24,(anonymous_4)
FN:34,(anonymous_5)
FN:49,(anonymous_6)
FNF:5
FNH:0
FNDA:0,(anonymous_2)
FNDA:0,(anonymous_3)
FNDA:0,(anonymous_4)
FNDA:0,(anonymous_5)
FNDA:0,(anonymous_6)
DA:1,1
DA:2,1
DA:5,1
DA:6,0
DA:9,0
DA:11,0
DA:25,0
DA:35,0
DA:37,0
DA:50,0
DA:52,0
LF:11
LH:3
BRDA:24,0,0,0
BRDA:6,1,0,1
BRDA:6,1,1,0
BRDA:6,2,0,1
BRDA:6,2,1,1
BRF:5
BRH:3
end_of_record
TN:
SF:src\audio\audio-features.service.ts
FN:6,(anonymous_2)
FN:9,(anonymous_3)
FN:20,(anonymous_4)
FN:31,(anonymous_5)
FN:42,(anonymous_6)
FNF:5
FNH:0
FNDA:0,(anonymous_2)
FNDA:0,(anonymous_3)
FNDA:0,(anonymous_4)
FNDA:0,(anonymous_5)
FNDA:0,(anonymous_6)
DA:1,1
DA:2,1
DA:5,1
DA:6,0
DA:10,0
DA:21,0
DA:32,0
DA:43,0
LF:8
LH:3
BRDA:47,0,0,0
BRDA:47,0,1,0
BRDA:48,1,0,0
BRDA:48,1,1,0
BRDA:6,2,0,1
BRDA:6,2,1,0
BRDA:6,3,0,1
BRDA:6,3,1,1
BRF:8
BRH:3
end_of_record
TN:
SF:src\audio\audio-visualizer.service.ts
FN:5,(anonymous_1)
FN:41,(anonymous_2)
FNF:2
FNH:0
FNDA:0,(anonymous_1)
FNDA:0,(anonymous_2)
DA:1,1
DA:4,1
DA:6,0
DA:38,0
DA:42,0
LF:5
LH:2
BRDA:5,0,0,0
BRDA:38,1,0,0
BRDA:38,1,1,0
BRF:3
BRH:0
end_of_record
TN:
SF:src\audio\audio.controller.ts
FN:11,(anonymous_4)
FN:21,(anonymous_5)
FN:30,(anonymous_6)
FN:39,(anonymous_7)
FN:48,(anonymous_8)
FN:62,(anonymous_9)
FN:67,(anonymous_10)
FN:72,(anonymous_11)
FN:92,(anonymous_12)
FN:101,(anonymous_13)
FN:108,(anonymous_14)
FN:114,(anonymous_15)
FN:123,(anonymous_16)
FN:129,(anonymous_17)
FN:136,(anonymous_18)
FN:144,(anonymous_19)
FNF:16
FNH:0
FNDA:0,(anonymous_4)
FNDA:0,(anonymous_5)
FNDA:0,(anonymous_6)
FNDA:0,(anonymous_7)
FNDA:0,(anonymous_8)
FNDA:0,(anonymous_9)
FNDA:0,(anonymous_10)
FNDA:0,(anonymous_11)
FNDA:0,(anonymous_12)
FNDA:0,(anonymous_13)
FNDA:0,(anonymous_14)
FNDA:0,(anonymous_15)
FNDA:0,(anonymous_16)
FNDA:0,(anonymous_17)
FNDA:0,(anonymous_18)
FNDA:0,(anonymous_19)
DA:1,1
DA:2,1
DA:3,1
DA:4,1
DA:5,1
DA:6,1
DA:7,1
DA:10,1
DA:12,0
DA:13,0
DA:14,0
DA:15,0
DA:16,0
DA:21,1
DA:25,0
DA:30,1
DA:34,0
DA:39,1
DA:43,0
DA:48,1
DA:52,0
DA:62,1
DA:63,0
DA:67,1
DA:68,0
DA:72,1
DA:73,0
DA:92,1
DA:96,0
DA:101,1
DA:102,0
DA:108,1
DA:109,0
DA:114,1
DA:118,0
DA:123,1
DA:124,0
DA:129,1
DA:130,0
DA:136,1
DA:137,0
DA:144,1
DA:145,0
LF:43
LH:23
BRDA:102,0,0,0
BRDA:102,0,1,0
BRDA:138,1,0,0
BRDA:138,1,1,0
BRDA:12,2,0,1
BRDA:12,2,1,0
BRDA:12,3,0,1
BRDA:12,3,1,1
BRDA:12,4,0,1
BRDA:12,4,1,0
BRDA:12,5,0,1
BRDA:12,5,1,1
BRDA:13,6,0,1
BRDA:13,6,1,0
BRDA:13,7,0,1
BRDA:13,7,1,1
BRDA:14,8,0,1
BRDA:14,8,1,0
BRDA:14,9,0,1
BRDA:14,9,1,1
BRDA:15,10,0,1
BRDA:15,10,1,0
BRDA:15,11,0,1
BRDA:15,11,1,1
BRF:24
BRH:15
end_of_record
TN:
SF:src\audio\audio.module.ts
FNF:0
FNH:0
DA:1,0
DA:2,0
DA:3,0
DA:4,0
DA:5,0
DA:6,0
DA:7,0
DA:26,0
LF:8
LH:0
BRF:0
BRH:0
end_of_record
TN:
SF:src\audio\audio.swagger.ts
FN:14,(anonymous_4)
FN:51,(anonymous_5)
FN:76,(anonymous_6)
FN:100,(anonymous_7)
FN:125,(anonymous_8)
FN:153,(anonymous_9)
FN:170,(anonymous_10)
FN:180,(anonymous_11)
FN:214,(anonymous_12)
FN:228,(anonymous_13)
FN:248,(anonymous_14)
FN:267,(anonymous_15)
FN:280,(anonymous_16)
FN:290,(anonymous_17)
FN:307,(anonymous_18)
FN:327,(anonymous_19)
FNF:16
FNH:0
FNDA:0,(anonymous_4)
FNDA:0,(anonymous_5)
FNDA:0,(anonymous_6)
FNDA:0,(anonymous_7)
FNDA:0,(anonymous_8)
FNDA:0,(anonymous_9)
FNDA:0,(anonymous_10)
FNDA:0,(anonymous_11)
FNDA:0,(anonymous_12)
FNDA:0,(anonymous_13)
FNDA:0,(anonymous_14)
FNDA:0,(anonymous_15)
FNDA:0,(anonymous_16)
FNDA:0,(anonymous_17)
FNDA:0,(anonymous_18)
FNDA:0,(anonymous_19)
DA:1,0
DA:2,0
DA:3,0
DA:4,0
DA:5,0
DA:6,0
DA:7,0
DA:8,0
DA:13,0
DA:15,0
DA:16,0
DA:17,0
DA:18,0
DA:19,0
DA:51,0
DA:55,0
DA:76,0
DA:80,0
DA:100,0
DA:104,0
DA:125,0
DA:129,0
DA:153,0
DA:154,0
DA:170,0
DA:171,0
DA:180,0
DA:181,0
DA:214,0
DA:218,0
DA:228,0
DA:229,0
DA:248,0
DA:249,0
DA:267,0
DA:271,0
DA:280,0
DA:281,0
DA:290,0
DA:291,0
DA:307,0
DA:308,0
DA:327,0
DA:328,0
LF:44
LH:0
BRDA:229,0,0,0
BRDA:229,0,1,0
BRDA:309,1,0,0
BRDA:309,1,1,0
BRDA:15,2,0,0
BRDA:15,2,1,0
BRDA:15,3,0,0
BRDA:15,3,1,0
BRDA:15,4,0,0
BRDA:15,4,1,0
BRDA:15,5,0,0
BRDA:15,5,1,0
BRDA:16,6,0,0
BRDA:16,6,1,0
BRDA:16,7,0,0
BRDA:16,7,1,0
BRDA:17,8,0,0
BRDA:17,8,1,0
BRDA:17,9,0,0
BRDA:17,9,1,0
BRDA:18,10,0,0
BRDA:18,10,1,0
BRDA:18,11,0,0
BRDA:18,11,1,0
BRF:24
BRH:0
end_of_record
TN:
SF:src\audio\tempo-control.service.ts
FN:6,(anonymous_2)
FN:8,(anonymous_3)
FN:25,(anonymous_4)
FNF:3
FNH:0
FNDA:0,(anonymous_2)
FNDA:0,(anonymous_3)
FNDA:0,(anonymous_4)
DA:1,1
DA:2,1
DA:5,1
DA:6,0
DA:9,0
DA:11,0
DA:26,0
LF:7
LH:3
BRDA:14,0,0,0
BRDA:14,0,1,0
BRDA:25,1,0,0
BRDA:6,2,0,1
BRDA:6,2,1,0
BRDA:6,3,0,1
BRDA:6,3,1,1
BRF:7
BRH:3
end_of_record
TN:
SF:src\audio\voice-commands.service.ts
FN:4,(anonymous_1)
FN:18,(anonymous_2)
FN:20,(anonymous_3)
FN:29,(anonymous_4)
FNF:4
FNH:1
FNDA:24,(anonymous_1)
FNDA:0,(anonymous_2)
FNDA:0,(anonymous_3)
FNDA:0,(anonymous_4)
DA:1,1
DA:4,1
DA:5,24
DA:19,0
DA:20,0
DA:22,0
DA:23,0
DA:26,0
DA:30,0
LF:9
LH:3
BRDA:22,0,0,0
BRF:1
BRH:0
end_of_record
TN:
SF:src\auth\auth.controller.ts
FN:14,(anonymous_13)
FN:29,(anonymous_14)
FN:38,(anonymous_15)
FN:47,(anonymous_16)
FN:57,(anonymous_17)
FN:69,(anonymous_18)
FN:81,(anonymous_19)
FN:87,(anonymous_20)
FN:87,(anonymous_21)
FN:97,(anonymous_22)
FN:110,(anonymous_23)
FN:118,(anonymous_24)
FN:125,(anonymous_25)
FN:130,(anonymous_26)
FNF:14
FNH:1
FNDA:0,(anonymous_13)
FNDA:4,(anonymous_14)
FNDA:0,(anonymous_15)
FNDA:0,(anonymous_16)
FNDA:0,(anonymous_17)
FNDA:0,(anonymous_18)
FNDA:0,(anonymous_19)
FNDA:0,(anonymous_20)
FNDA:0,(anonymous_21)
FNDA:0,(anonymous_22)
FNDA:0,(anonymous_23)
FNDA:0,(anonymous_24)
FNDA:0,(anonymous_25)
FNDA:0,(anonymous_26)
DA:1,1
DA:2,1
DA:3,1
DA:4,1
DA:5,1
DA:6,1
DA:7,1
DA:8,1
DA:9,1
DA:14,1
DA:22,1
DA:23,1
DA:26,1
DA:30,4
DA:31,4
DA:32,4
DA:34,4
DA:38,1
DA:39,0
DA:47,1
DA:48,0
DA:49,0
DA:50,0
DA:57,1
DA:58,0
DA:59,0
DA:60,0
DA:62,0
DA:69,1
DA:70,0
DA:71,0
DA:72,0
DA:74,0
DA:81,1
DA:83,0
DA:84,0
DA:85,0
DA:86,0
DA:87,0
DA:89,0
DA:90,0
DA:91,0
DA:92,0
DA:97,1
DA:99,0
DA:101,0
DA:102,0
DA:103,0
DA:110,1
DA:111,0
DA:118,1
DA:119,0
DA:125,1
DA:130,1
DA:131,0
DA:132,0
DA:134,0
DA:135,0
DA:136,0
LF:59
LH:27
BRDA:17,0,0,0
BRDA:17,0,1,0
BRDA:49,1,0,0
BRDA:85,2,0,0
BRDA:85,2,1,0
BRDA:86,3,0,0
BRDA:38,4,0,0
BRDA:38,4,1,1
BRDA:38,5,0,1
BRDA:38,5,1,0
BRDA:47,6,0,0
BRDA:47,6,1,1
BRDA:47,7,0,1
BRDA:47,7,1,0
BRDA:57,8,0,1
BRDA:57,8,1,0
BRDA:57,9,0,1
BRDA:57,9,1,1
BRDA:57,10,0,0
BRDA:57,10,1,1
BRDA:57,11,0,1
BRDA:57,11,1,0
BRDA:69,12,0,1
BRDA:69,12,1,0
BRDA:69,13,0,1
BRDA:69,13,1,1
BRDA:69,14,0,0
BRDA:69,14,1,1
BRDA:69,15,0,1
BRDA:69,15,1,0
BRDA:81,16,0,0
BRDA:81,16,1,1
BRDA:81,17,0,1
BRDA:81,17,1,0
BRDA:81,18,0,0
BRDA:81,18,1,1
BRDA:81,19,0,1
BRDA:81,19,1,0
BRDA:97,20,0,0
BRDA:97,20,1,1
BRDA:97,21,0,1
BRDA:97,21,1,0
BRDA:97,22,0,0
BRDA:97,22,1,1
BRDA:97,23,0,1
BRDA:97,23,1,0
BRDA:110,24,0,1
BRDA:110,24,1,0
BRDA:110,25,0,1
BRDA:110,25,1,1
BRDA:118,26,0,1
BRDA:118,26,1,0
BRDA:118,27,0,1
BRDA:118,27,1,1
BRDA:130,28,0,0
BRDA:130,28,1,1
BRDA:130,29,0,1
BRDA:130,29,1,0
BRDA:30,30,0,1
BRDA:30,30,1,0
BRDA:30,31,0,1
BRDA:30,31,1,1
BRDA:30,32,0,1
BRDA:30,32,1,0
BRDA:30,33,0,1
BRDA:30,33,1,1
BRDA:31,34,0,1
BRDA:31,34,1,0
BRDA:31,35,0,1
BRDA:31,35,1,1
BRF:70
BRH:39
end_of_record
TN:
SF:src\auth\auth.module.ts
FN:18,(anonymous_1)
FNF:1
FNH:0
FNDA:0,(anonymous_1)
DA:1,0
DA:2,0
DA:3,0
DA:4,0
DA:5,0
DA:6,0
DA:7,0
DA:8,0
DA:9,0
DA:10,0
DA:18,0
DA:30,0
LF:12
LH:0
BRF:0
BRH:0
end_of_record
TN:
SF:src\auth\auth.service.ts
FN:26,(anonymous_11)
FN:35,(anonymous_12)
FN:39,(anonymous_13)
FN:46,(anonymous_14)
FN:49,(anonymous_15)
FN:56,(anonymous_16)
FN:60,(anonymous_17)
FN:66,(anonymous_18)
FN:73,(anonymous_19)
FN:91,(anonymous_20)
FN:102,(anonymous_21)
FN:107,(anonymous_22)
FN:114,(anonymous_23)
FN:129,(anonymous_24)
FN:140,(anonymous_25)
FN:153,(anonymous_26)
FNF:16
FNH:0
FNDA:0,(anonymous_11)
FNDA:0,(anonymous_12)
FNDA:0,(anonymous_13)
FNDA:0,(anonymous_14)
FNDA:0,(anonymous_15)
FNDA:0,(anonymous_16)
FNDA:0,(anonymous_17)
FNDA:0,(anonymous_18)
FNDA:0,(anonymous_19)
FNDA:0,(anonymous_20)
FNDA:0,(anonymous_21)
FNDA:0,(anonymous_22)
FNDA:0,(anonymous_23)
FNDA:0,(anonymous_24)
FNDA:0,(anonymous_25)
FNDA:0,(anonymous_26)
DA:1,2
DA:5,2
DA:6,2
DA:7,2
DA:9,2
DA:10,2
DA:11,2
DA:12,2
DA:14,2
DA:23,2
DA:27,0
DA:28,0
DA:29,0
DA:30,0
DA:32,0
DA:36,0
DA:40,0
DA:41,0
DA:42,0
DA:43,0
DA:45,0
DA:46,0
DA:47,0
DA:48,0
DA:49,0
DA:51,0
DA:53,0
DA:57,0
DA:61,0
DA:62,0
DA:63,0
DA:67,0
DA:68,0
DA:69,0
DA:70,0
DA:74,0
DA:75,0
DA:76,0
DA:77,0
DA:78,0
DA:79,0
DA:80,0
DA:81,0
DA:84,0
DA:85,0
DA:86,0
DA:87,0
DA:88,0
DA:92,0
DA:93,0
DA:94,0
DA:95,0
DA:96,0
DA:97,0
DA:99,0
DA:103,0
DA:104,0
DA:105,0
DA:107,0
DA:108,0
DA:109,0
DA:110,0
DA:111,0
DA:115,0
DA:116,0
DA:121,0
DA:122,0
DA:124,0
DA:125,0
DA:130,0
DA:131,0
DA:132,0
DA:133,0
DA:134,0
DA:135,0
DA:136,0
DA:137,0
DA:141,0
DA:142,0
DA:143,0
DA:144,0
DA:145,0
DA:146,0
DA:147,0
DA:148,0
DA:149,0
DA:150,0
DA:154,0
DA:155,0
DA:156,0
DA:157,0
DA:158,0
DA:159,0
DA:160,0
LF:94
LH:10
BRDA:40,0,0,0
BRDA:40,0,1,0
BRDA:41,1,0,0
BRDA:45,2,0,0
BRDA:45,3,0,0
BRDA:45,3,1,0
BRDA:47,4,0,0
BRDA:75,5,0,0
BRDA:76,6,0,0
BRDA:76,6,1,0
BRDA:76,7,0,0
BRDA:76,7,1,0
BRDA:77,8,0,0
BRDA:79,9,0,0
BRDA:95,10,0,0
BRDA:97,11,0,0
BRDA:105,12,0,0
BRDA:105,12,1,0
BRDA:108,13,0,0
BRDA:108,14,0,0
BRDA:108,14,1,0
BRDA:124,15,0,0
BRDA:131,16,0,0
BRDA:131,17,0,0
BRDA:131,17,1,0
BRDA:133,18,0,0
BRDA:143,19,0,0
BRDA:149,20,0,0
BRDA:149,20,1,0
BRDA:155,21,0,0
BRDA:155,22,0,0
BRDA:155,22,1,0
BRDA:155,22,2,0
BRDA:27,23,0,2
BRDA:27,23,1,0
BRDA:27,24,0,2
BRDA:27,24,1,2
BRDA:27,25,0,2
BRDA:27,25,1,0
BRDA:27,26,0,2
BRDA:27,26,1,2
BRDA:28,27,0,2
BRDA:28,27,1,0
BRDA:28,28,0,2
BRDA:28,28,1,2
BRDA:29,29,0,2
BRDA:29,29,1,0
BRDA:29,30,0,2
BRDA:29,30,1,2
BRF:49
BRH:12
end_of_record
TN:
SF:src\auth\google-token.service.ts
FN:7,(anonymous_2)
FN:17,(anonymous_3)
FN:48,(anonymous_4)
FN:59,(anonymous_5)
FN:75,(anonymous_6)
FNF:5
FNH:0
FNDA:0,(anonymous_2)
FNDA:0,(anonymous_3)
FNDA:0,(anonymous_4)
FNDA:0,(anonymous_5)
FNDA:0,(anonymous_6)
DA:1,0
DA:2,0
DA:3,0
DA:6,0
DA:8,0
DA:9,0
DA:18,0
DA:20,0
DA:21,0
DA:27,0
DA:28,0
DA:31,0
DA:32,0
DA:37,0
DA:40,0
DA:45,0
DA:49,0
DA:50,0
DA:53,0
DA:55,0
DA:60,0
DA:61,0
DA:63,0
DA:74,0
DA:75,0
DA:76,0
DA:81,0
DA:82,0
LF:28
LH:0
BRDA:20,0,0,0
BRDA:28,1,0,0
BRDA:31,2,0,0
BRDA:74,3,0,0
BRDA:77,4,0,0
BRDA:77,4,1,0
BRDA:8,5,0,0
BRDA:8,5,1,0
BRDA:8,6,0,0
BRDA:8,6,1,0
BRDA:8,7,0,0
BRDA:8,7,1,0
BRDA:8,8,0,0
BRDA:8,8,1,0
BRF:14
BRH:0
end_of_record
TN:
SF:src\auth\mail.service.ts
FN:11,(anonymous_11)
FN:32,(anonymous_12)
FNF:2
FNH:0
FNDA:0,(anonymous_11)
FNDA:0,(anonymous_12)
DA:1,2
DA:2,2
DA:3,2
DA:6,2
DA:7,0
DA:8,0
DA:9,0
DA:11,0
DA:12,0
DA:13,0
DA:15,0
DA:16,0
DA:20,0
DA:23,0
DA:29,0
DA:33,0
DA:34,0
DA:36,0
DA:39,0
DA:40,0
DA:42,0
DA:43,0
DA:78,0
DA:80,0
DA:81,0
LF:25
LH:4
BRDA:15,0,0,0
BRDA:15,1,0,0
BRDA:15,1,1,0
BRDA:33,2,0,0
BRDA:33,3,0,0
BRDA:33,3,1,0
BRDA:40,4,0,0
BRDA:40,4,1,0
BRDA:11,5,0,2
BRDA:11,5,1,0
BRDA:11,6,0,2
BRDA:11,6,1,2
BRF:12
BRH:3
end_of_record
TN:
SF:src\auth\decorators\index.ts
FNF:0
FNH:0
DA:1,1
LF:1
LH:1
BRF:0
BRH:0
end_of_record
TN:
SF:src\auth\decorators\public.decorator.ts
FN:4,(anonymous_0)
FNF:1
FNH:1
FNDA:7,(anonymous_0)
DA:1,2
DA:3,2
DA:4,7
LF:3
LH:3
BRF:0
BRH:0
end_of_record
TN:
SF:src\auth\dto\forgot-password.dto.ts
FNF:0
FNH:0
DA:1,1
DA:3,1
DA:5,1
LF:3
LH:3
BRF:0
BRH:0
end_of_record
TN:
SF:src\auth\dto\index.ts
FN:1,(anonymous_0)
FN:2,(anonymous_1)
FN:3,(anonymous_2)
FN:4,(anonymous_3)
FN:5,(anonymous_4)
FNF:5
FNH:4
FNDA:2,(anonymous_0)
FNDA:2,(anonymous_1)
FNDA:0,(anonymous_2)
FNDA:2,(anonymous_3)
FNDA:2,(anonymous_4)
DA:1,3
DA:2,3
DA:3,1
DA:4,3
DA:5,3
LF:5
LH:5
BRF:0
BRH:0
end_of_record
TN:
SF:src\auth\dto\login.dto.ts
FNF:0
FNH:0
DA:1,1
DA:3,1
DA:5,1
DA:8,1
LF:4
LH:4
BRF:0
BRH:0
end_of_record
TN:
SF:src\auth\dto\refresh.dto.ts
FNF:0
FNH:0
DA:1,1
DA:3,1
DA:6,1
LF:3
LH:3
BRF:0
BRH:0
end_of_record
TN:
SF:src\auth\dto\register.dto.ts
FNF:0
FNH:0
DA:1,1
DA:3,1
DA:5,1
DA:9,1
DA:15,1
DA:19,1
LF:6
LH:6
BRF:0
BRH:0
end_of_record
TN:
SF:src\auth\dto\reset-password.dto.ts
FNF:0
FNH:0
DA:1,1
DA:3,1
DA:5,1
DA:9,1
LF:4
LH:4
BRF:0
BRH:0
end_of_record
TN:
SF:src\auth\guards\admin.guard.ts
FN:20,(anonymous_2)
FN:29,(anonymous_3)
FNF:2
FNH:0
FNDA:0,(anonymous_2)
FNDA:0,(anonymous_3)
DA:1,0
DA:2,0
DA:4,0
DA:5,0
DA:6,0
DA:7,0
DA:16,0
DA:21,0
DA:22,0
DA:23,0
DA:25,0
DA:26,0
DA:31,0
DA:35,0
DA:37,0
DA:38,0
DA:41,0
DA:43,0
DA:44,0
DA:47,0
DA:48,0
DA:51,0
DA:52,0
DA:53,0
DA:54,0
DA:55,0
DA:56,0
DA:57,0
DA:58,0
DA:60,0
DA:64,0
LF:31
LH:0
BRDA:25,0,0,0
BRDA:25,0,1,0
BRDA:35,1,0,0
BRDA:41,2,0,0
BRDA:44,3,0,0
BRDA:44,4,0,0
BRDA:44,4,1,0
BRDA:47,5,0,0
BRDA:47,6,0,0
BRDA:47,6,1,0
BRDA:51,7,0,0
BRDA:53,8,0,0
BRDA:58,9,0,0
BRDA:58,10,0,0
BRDA:58,10,1,0
BRDA:21,11,0,0
BRDA:21,11,1,0
BRDA:21,12,0,0
BRDA:21,12,1,0
BRDA:21,13,0,0
BRDA:21,13,1,0
BRDA:21,14,0,0
BRDA:21,14,1,0
BRDA:22,15,0,0
BRDA:22,15,1,0
BRDA:22,16,0,0
BRDA:22,16,1,0
BRF:27
BRH:0
end_of_record
TN:
SF:src\auth\guards\index.ts
FNF:0
FNH:0
DA:1,0
DA:2,0
LF:2
LH:0
BRF:0
BRH:0
end_of_record
TN:
SF:src\auth\guards\jwt-auth.guard.ts
FN:8,(anonymous_2)
FN:12,(anonymous_3)
FNF:2
FNH:0
FNDA:0,(anonymous_2)
FNDA:0,(anonymous_3)
DA:1,1
DA:2,1
DA:3,1
DA:4,1
DA:7,1
DA:8,0
DA:9,0
DA:13,0
DA:18,0
DA:19,0
DA:22,0
LF:11
LH:5
BRDA:18,0,0,0
BRDA:8,1,0,1
BRDA:8,1,1,0
BRDA:8,2,0,1
BRDA:8,2,1,1
BRF:5
BRH:3
end_of_record
TN:
SF:src\auth\strategies\google.strategy.ts
FN:8,(anonymous_2)
FN:23,(anonymous_3)
FNF:2
FNH:0
FNDA:0,(anonymous_2)
FNDA:0,(anonymous_3)
DA:1,0
DA:2,0
DA:3,0
DA:4,0
DA:7,0
DA:9,0
DA:29,0
DA:30,0
DA:37,0
LF:9
LH:0
BRDA:8,0,0,0
BRDA:8,0,1,0
BRDA:8,1,0,0
BRDA:8,1,1,0
BRF:4
BRH:0
end_of_record
TN:
SF:src\auth\strategies\jwt.strategy.ts
FN:9,(anonymous_2)
FN:14,(anonymous_3)
FN:30,(anonymous_4)
FNF:3
FNH:0
FNDA:0,(anonymous_2)
FNDA:0,(anonymous_3)
FNDA:0,(anonymous_4)
DA:1,0
DA:2,0
DA:3,0
DA:4,0
DA:8,0
DA:10,0
DA:16,0
DA:18,0
DA:19,0
DA:31,0
DA:32,0
LF:11
LH:0
BRDA:16,0,0,0
BRDA:18,1,0,0
BRDA:31,2,0,0
BRDA:9,3,0,0
BRDA:9,3,1,0
BRDA:9,4,0,0
BRDA:9,4,1,0
BRF:7
BRH:0
end_of_record
TN:
SF:src\cache\redis-cache.service.ts
FN:17,(anonymous_11)
FN:28,(anonymous_12)
FN:32,(anonymous_13)
FN:40,(anonymous_14)
FN:45,(anonymous_15)
FN:53,(anonymous_16)
FN:58,(anonymous_17)
FN:63,(anonymous_18)
FN:77,(anonymous_19)
FN:88,(anonymous_20)
FN:96,(anonymous_21)
FN:101,(anonymous_22)
FN:109,(anonymous_23)
FN:114,(anonymous_24)
FN:122,(anonymous_25)
FN:127,(anonymous_26)
FN:132,(anonymous_27)
FN:140,(anonymous_28)
FN:153,(anonymous_29)
FN:167,(anonymous_30)
FN:180,(anonymous_31)
FN:185,(anonymous_32)
FN:194,(anonymous_33)
FN:199,(anonymous_34)
FN:207,(anonymous_35)
FN:216,(anonymous_36)
FN:231,(anonymous_37)
FN:232,(anonymous_38)
FN:233,(anonymous_39)
FN:240,(anonymous_40)
FN:241,(anonymous_41)
FN:242,(anonymous_42)
FN:249,(anonymous_43)
FN:250,(anonymous_44)
FN:251,(anonymous_45)
FN:258,(anonymous_46)
FN:259,(anonymous_47)
FN:260,(anonymous_48)
FN:263,(anonymous_49)
FN:271,(anonymous_50)
FN:272,(anonymous_51)
FN:273,(anonymous_52)
FN:280,(anonymous_53)
FN:281,(anonymous_54)
FN:282,(anonymous_55)
FN:289,(anonymous_56)
FN:290,(anonymous_57)
FN:291,(anonymous_58)
FN:298,(anonymous_59)
FN:299,(anonymous_60)
FN:300,(anonymous_61)
FN:307,(anonymous_62)
FN:308,(anonymous_63)
FN:309,(anonymous_64)
FN:316,(anonymous_65)
FN:317,(anonymous_66)
FN:318,(anonymous_67)
FN:331,(anonymous_68)
FN:332,(anonymous_69)
FN:333,(anonymous_70)
FN:340,(anonymous_71)
FN:341,(anonymous_72)
FN:342,(anonymous_73)
FN:349,(anonymous_74)
FN:350,(anonymous_75)
FN:351,(anonymous_76)
FN:358,(anonymous_77)
FN:359,(anonymous_78)
FN:360,(anonymous_79)
FN:367,(anonymous_80)
FN:368,(anonymous_81)
FN:369,(anonymous_82)
FN:376,(anonymous_83)
FN:386,(anonymous_84)
FN:387,(anonymous_85)
FN:388,(anonymous_86)
FN:395,(anonymous_87)
FN:396,(anonymous_88)
FN:397,(anonymous_89)
FNF:79
FNH:0
FNDA:0,(anonymous_11)
FNDA:0,(anonymous_12)
FNDA:0,(anonymous_13)
FNDA:0,(anonymous_14)
FNDA:0,(anonymous_15)
FNDA:0,(anonymous_16)
FNDA:0,(anonymous_17)
FNDA:0,(anonymous_18)
FNDA:0,(anonymous_19)
FNDA:0,(anonymous_20)
FNDA:0,(anonymous_21)
FNDA:0,(anonymous_22)
FNDA:0,(anonymous_23)
FNDA:0,(anonymous_24)
FNDA:0,(anonymous_25)
FNDA:0,(anonymous_26)
FNDA:0,(anonymous_27)
FNDA:0,(anonymous_28)
FNDA:0,(anonymous_29)
FNDA:0,(anonymous_30)
FNDA:0,(anonymous_31)
FNDA:0,(anonymous_32)
FNDA:0,(anonymous_33)
FNDA:0,(anonymous_34)
FNDA:0,(anonymous_35)
FNDA:0,(anonymous_36)
FNDA:0,(anonymous_37)
FNDA:0,(anonymous_38)
FNDA:0,(anonymous_39)
FNDA:0,(anonymous_40)
FNDA:0,(anonymous_41)
FNDA:0,(anonymous_42)
FNDA:0,(anonymous_43)
FNDA:0,(anonymous_44)
FNDA:0,(anonymous_45)
FNDA:0,(anonymous_46)
FNDA:0,(anonymous_47)
FNDA:0,(anonymous_48)
FNDA:0,(anonymous_49)
FNDA:0,(anonymous_50)
FNDA:0,(anonymous_51)
FNDA:0,(anonymous_52)
FNDA:0,(anonymous_53)
FNDA:0,(anonymous_54)
FNDA:0,(anonymous_55)
FNDA:0,(anonymous_56)
FNDA:0,(anonymous_57)
FNDA:0,(anonymous_58)
FNDA:0,(anonymous_59)
FNDA:0,(anonymous_60)
FNDA:0,(anonymous_61)
FNDA:0,(anonymous_62)
FNDA:0,(anonymous_63)
FNDA:0,(anonymous_64)
FNDA:0,(anonymous_65)
FNDA:0,(anonymous_66)
FNDA:0,(anonymous_67)
FNDA:0,(anonymous_68)
FNDA:0,(anonymous_69)
FNDA:0,(anonymous_70)
FNDA:0,(anonymous_71)
FNDA:0,(anonymous_72)
FNDA:0,(anonymous_73)
FNDA:0,(anonymous_74)
FNDA:0,(anonymous_75)
FNDA:0,(anonymous_76)
FNDA:0,(anonymous_77)
FNDA:0,(anonymous_78)
FNDA:0,(anonymous_79)
FNDA:0,(anonymous_80)
FNDA:0,(anonymous_81)
FNDA:0,(anonymous_82)
FNDA:0,(anonymous_83)
FNDA:0,(anonymous_84)
FNDA:0,(anonymous_85)
FNDA:0,(anonymous_86)
FNDA:0,(anonymous_87)
FNDA:0,(anonymous_88)
FNDA:0,(anonymous_89)
DA:1,0
DA:2,0
DA:13,0
DA:18,0
DA:26,0
DA:28,0
DA:29,0
DA:32,0
DA:33,0
DA:41,0
DA:42,0
DA:46,0
DA:47,0
DA:54,0
DA:55,0
DA:59,0
DA:60,0
DA:64,0
DA:65,0
DA:66,0
DA:69,0
DA:70,0
DA:78,0
DA:84,0
DA:85,0
DA:89,0
DA:90,0
DA:97,0
DA:98,0
DA:102,0
DA:103,0
DA:110,0
DA:111,0
DA:115,0
DA:116,0
DA:123,0
DA:124,0
DA:128,0
DA:129,0
DA:133,0
DA:134,0
DA:141,0
DA:143,0
DA:144,0
DA:147,0
DA:158,0
DA:159,0
DA:161,0
DA:162,0
DA:163,0
DA:172,0
DA:173,0
DA:174,0
DA:181,0
DA:182,0
DA:186,0
DA:187,0
DA:188,0
DA:195,0
DA:196,0
DA:200,0
DA:201,0
DA:208,0
DA:209,0
DA:210,0
DA:213,0
DA:217,0
DA:218,0
DA:219,0
DA:220,0
DA:221,0
DA:222,0
DA:225,0
DA:232,0
DA:233,0
DA:234,0
DA:235,0
DA:241,0
DA:242,0
DA:243,0
DA:244,0
DA:250,0
DA:251,0
DA:252,0
DA:253,0
DA:259,0
DA:260,0
DA:261,0
DA:262,0
DA:263,0
DA:264,0
DA:265,0
DA:272,0
DA:273,0
DA:274,0
DA:275,0
DA:281,0
DA:282,0
DA:283,0
DA:284,0
DA:290,0
DA:291,0
DA:292,0
DA:293,0
DA:299,0
DA:300,0
DA:301,0
DA:302,0
DA:308,0
DA:309,0
DA:310,0
DA:311,0
DA:317,0
DA:318,0
DA:319,0
DA:321,0
DA:322,0
DA:323,0
DA:325,0
DA:332,0
DA:333,0
DA:334,0
DA:335,0
DA:341,0
DA:342,0
DA:343,0
DA:344,0
DA:350,0
DA:351,0
DA:352,0
DA:353,0
DA:359,0
DA:360,0
DA:361,0
DA:362,0
DA:368,0
DA:369,0
DA:370,0
DA:371,0
DA:377,0
DA:378,0
DA:379,0
DA:380,0
DA:381,0
DA:383,0
DA:387,0
DA:388,0
DA:389,0
DA:390,0
DA:396,0
DA:397,0
DA:398,0
DA:399,0
LF:153
LH:0
BRDA:19,0,0,0
BRDA:19,0,1,0
BRDA:20,1,0,0
BRDA:20,1,1,0
BRDA:22,2,0,0
BRDA:22,2,1,0
BRDA:23,3,0,0
BRDA:23,3,1,0
BRDA:64,4,0,0
BRDA:64,4,1,0
BRDA:96,5,0,0
BRDA:109,6,0,0
BRDA:143,7,0,0
BRDA:162,8,0,0
BRDA:169,9,0,0
BRDA:170,10,0,0
BRDA:188,11,0,0
BRDA:188,11,1,0
BRDA:216,12,0,0
BRDA:221,13,0,0
BRDA:234,14,0,0
BRDA:234,14,1,0
BRDA:243,15,0,0
BRDA:243,15,1,0
BRDA:244,16,0,0
BRDA:244,16,1,0
BRDA:252,17,0,0
BRDA:252,17,1,0
BRDA:261,18,0,0
BRDA:262,19,0,0
BRDA:264,20,0,0
BRDA:264,20,1,0
BRDA:274,21,0,0
BRDA:274,21,1,0
BRDA:283,22,0,0
BRDA:283,22,1,0
BRDA:292,23,0,0
BRDA:292,23,1,0
BRDA:301,24,0,0
BRDA:301,24,1,0
BRDA:310,25,0,0
BRDA:310,25,1,0
BRDA:319,26,0,0
BRDA:319,26,1,0
BRDA:334,27,0,0
BRDA:334,27,1,0
BRDA:343,28,0,0
BRDA:343,28,1,0
BRDA:344,29,0,0
BRDA:344,29,1,0
BRDA:352,30,0,0
BRDA:352,30,1,0
BRDA:361,31,0,0
BRDA:361,31,1,0
BRDA:370,32,0,0
BRDA:370,32,1,0
BRDA:389,33,0,0
BRDA:389,33,1,0
BRDA:398,34,0,0
BRDA:398,34,1,0
BRF:60
BRH:0
end_of_record
TN:
SF:src\common\audit\audit.service.ts
FN:7,(anonymous_2)
FN:36,(anonymous_3)
FN:38,(anonymous_4)
FN:43,(anonymous_5)
FN:48,(anonymous_6)
FN:57,(anonymous_7)
FN:62,(anonymous_8)
FN:67,(anonymous_9)
FNF:8
FNH:0
FNDA:0,(anonymous_2)
FNDA:0,(anonymous_3)
FNDA:0,(anonymous_4)
FNDA:0,(anonymous_5)
FNDA:0,(anonymous_6)
FNDA:0,(anonymous_7)
FNDA:0,(anonymous_8)
FNDA:0,(anonymous_9)
DA:1,0
DA:7,0
DA:8,0
DA:9,0
DA:10,0
DA:11,0
DA:12,0
DA:13,0
DA:14,0
DA:15,0
DA:16,0
DA:34,0
DA:39,0
DA:45,0
DA:54,0
DA:59,0
DA:64,0
DA:69,0
LF:18
LH:0
BRDA:7,0,0,0
BRDA:7,0,1,0
BRDA:43,1,0,0
BRDA:51,2,0,0
BRDA:57,3,0,0
BRDA:62,4,0,0
BRF:6
BRH:0
end_of_record
TN:
SF:src\common\cache\cache.module.ts
FNF:0
FNH:0
DA:1,0
DA:2,0
DA:12,0
LF:3
LH:0
BRF:0
BRH:0
end_of_record
TN:
SF:src\common\database\query-optimizer.ts
FN:12,(anonymous_0)
FN:20,(anonymous_1)
FN:39,(anonymous_2)
FN:63,(anonymous_3)
FN:86,(anonymous_4)
FN:104,(anonymous_5)
FN:123,(anonymous_6)
FN:125,(anonymous_7)
FN:127,(anonymous_8)
FNF:9
FNH:0
FNDA:0,(anonymous_0)
FNDA:0,(anonymous_1)
FNDA:0,(anonymous_2)
FNDA:0,(anonymous_3)
FNDA:0,(anonymous_4)
FNDA:0,(anonymous_5)
FNDA:0,(anonymous_6)
FNDA:0,(anonymous_7)
FNDA:0,(anonymous_8)
DA:8,0
DA:10,0
DA:13,0
DA:21,0
DA:40,0
DA:64,0
DA:87,0
DA:105,0
DA:112,0
DA:124,0
DA:125,0
DA:127,0
DA:143,0
LF:13
LH:0
BRDA:20,0,0,0
BRDA:39,1,0,0
BRDA:63,2,0,0
BRDA:105,3,0,0
BRDA:105,3,1,0
BRDA:123,4,0,0
BRF:6
BRH:0
end_of_record
TN:
SF:src\common\decorators\api-response.decorator.ts
FN:4,ApiResponseExample
FNF:1
FNH:0
FNDA:0,ApiResponseExample
DA:1,0
DA:2,0
DA:4,0
DA:9,0
DA:17,0
DA:18,0
DA:26,0
LF:7
LH:0
BRDA:17,0,0,0
BRF:1
BRH:0
end_of_record
TN:
SF:src\common\gdpr\gdpr.controller.ts
FN:17,(anonymous_4)
FN:24,(anonymous_5)
FN:36,(anonymous_6)
FN:54,(anonymous_7)
FN:64,(anonymous_8)
FN:74,(anonymous_9)
FN:84,(anonymous_10)
FNF:7
FNH:0
FNDA:0,(anonymous_4)
FNDA:0,(anonymous_5)
FNDA:0,(anonymous_6)
FNDA:0,(anonymous_7)
FNDA:0,(anonymous_8)
FNDA:0,(anonymous_9)
FNDA:0,(anonymous_10)
DA:1,0
DA:2,0
DA:16,0
DA:17,0
DA:24,0
DA:26,0
DA:27,0
DA:36,0
DA:37,0
DA:41,0
DA:43,0
DA:54,0
DA:55,0
DA:56,0
DA:64,0
DA:65,0
DA:66,0
DA:74,0
DA:75,0
DA:76,0
DA:84,0
DA:85,0
DA:86,0
DA:88,0
LF:24
LH:0
BRDA:17,0,0,0
BRDA:17,0,1,0
BRDA:17,1,0,0
BRDA:17,1,1,0
BRF:4
BRH:0
end_of_record
TN:
SF:src\common\gdpr\gdpr.module.ts
FNF:0
FNH:0
DA:1,0
DA:2,0
DA:3,0
DA:10,0
LF:4
LH:0
BRF:0
BRH:0
end_of_record
TN:
SF:src\common\gdpr\gdpr.service.ts
FN:20,(anonymous_2)
FN:26,(anonymous_3)
FN:45,(anonymous_4)
FN:53,(anonymous_5)
FN:66,(anonymous_6)
FN:82,(anonymous_7)
FN:97,(anonymous_8)
FNF:7
FNH:0
FNDA:0,(anonymous_2)
FNDA:0,(anonymous_3)
FNDA:0,(anonymous_4)
FNDA:0,(anonymous_5)
FNDA:0,(anonymous_6)
FNDA:0,(anonymous_7)
FNDA:0,(anonymous_8)
DA:3,0
DA:19,0
DA:27,0
DA:46,0
DA:54,0
DA:75,0
DA:83,0
DA:98,0
LF:8
LH:0
BRF:0
BRH:0
end_of_record
TN:
SF:src\common\health\health.controller.ts
FN:12,(anonymous_2)
FN:21,(anonymous_3)
FN:23,(anonymous_4)
FN:24,(anonymous_5)
FN:25,(anonymous_6)
FNF:5
FNH:0
FNDA:0,(anonymous_2)
FNDA:0,(anonymous_3)
FNDA:0,(anonymous_4)
FNDA:0,(anonymous_5)
FNDA:0,(anonymous_6)
DA:1,0
DA:2,0
DA:8,0
DA:11,0
DA:13,0
DA:14,0
DA:15,0
DA:16,0
DA:21,0
DA:22,0
DA:23,0
DA:24,0
DA:25,0
LF:13
LH:0
BRDA:13,0,0,0
BRDA:13,0,1,0
BRDA:13,1,0,0
BRDA:13,1,1,0
BRDA:13,2,0,0
BRDA:13,2,1,0
BRDA:13,3,0,0
BRDA:13,3,1,0
BRDA:14,4,0,0
BRDA:14,4,1,0
BRDA:14,5,0,0
BRDA:14,5,1,0
BRDA:15,6,0,0
BRDA:15,6,1,0
BRDA:15,7,0,0
BRDA:15,7,1,0
BRF:16
BRH:0
end_of_record
TN:
SF:src\common\health\health.module.ts
FNF:0
FNH:0
DA:1,0
DA:2,0
DA:3,0
DA:4,0
DA:10,0
LF:5
LH:0
BRF:0
BRH:0
end_of_record
TN:
SF:src\common\logging\logging.module.ts
FN:8,(anonymous_10)
FN:15,(anonymous_11)
FNF:2
FNH:0
FNDA:0,(anonymous_10)
FNDA:0,(anonymous_11)
DA:1,0
DA:2,0
DA:3,0
DA:4,0
DA:7,0
DA:9,0
DA:16,0
DA:18,0
LF:8
LH:0
BRDA:21,0,0,0
BRDA:21,0,1,0
BRDA:31,1,0,0
BRDA:31,1,1,0
BRDA:52,2,0,0
BRDA:52,2,1,0
BRF:6
BRH:0
end_of_record
TN:
SF:src\common\metrics\metrics.controller.ts
FN:8,(anonymous_2)
FN:16,(anonymous_3)
FN:25,(anonymous_4)
FNF:3
FNH:0
FNDA:0,(anonymous_2)
FNDA:0,(anonymous_3)
FNDA:0,(anonymous_4)
DA:1,0
DA:2,0
DA:3,0
DA:7,0
DA:8,0
DA:16,0
DA:17,0
DA:25,0
DA:26,0
LF:9
LH:0
BRDA:16,0,0,0
BRDA:16,0,1,0
BRDA:16,1,0,0
BRDA:16,1,1,0
BRDA:8,2,0,0
BRDA:8,2,1,0
BRDA:8,3,0,0
BRDA:8,3,1,0
BRF:8
BRH:0
end_of_record
TN:
SF:src\common\metrics\metrics.module.ts
FNF:0
FNH:0
DA:1,0
DA:5,0
DA:24,0
LF:3
LH:0
BRF:0
BRH:0
end_of_record
TN:
SF:src\common\metrics\phase6-metrics.service.ts
FN:5,(anonymous_1)
FN:52,(anonymous_2)
FN:57,(anonymous_3)
FN:62,(anonymous_4)
FN:67,(anonymous_5)
FN:72,(anonymous_6)
FN:77,(anonymous_7)
FN:82,(anonymous_8)
FNF:8
FNH:0
FNDA:0,(anonymous_1)
FNDA:0,(anonymous_2)
FNDA:0,(anonymous_3)
FNDA:0,(anonymous_4)
FNDA:0,(anonymous_5)
FNDA:0,(anonymous_6)
FNDA:0,(anonymous_7)
FNDA:0,(anonymous_8)
DA:1,0
DA:2,0
DA:5,0
DA:7,0
DA:13,0
DA:19,0
DA:26,0
DA:32,0
DA:38,0
DA:45,0
DA:53,0
DA:58,0
DA:63,0
DA:68,0
DA:73,0
DA:78,0
DA:83,0
LF:17
LH:0
BRDA:58,0,0,0
BRDA:58,0,1,0
BRF:2
BRH:0
end_of_record
TN:
SF:src\common\metrics\prometheus.service.ts
FN:9,(anonymous_2)
FN:11,(anonymous_3)
FN:15,(anonymous_4)
FN:19,(anonymous_5)
FN:23,(anonymous_6)
FNF:5
FNH:0
FNDA:0,(anonymous_2)
FNDA:0,(anonymous_3)
FNDA:0,(anonymous_4)
FNDA:0,(anonymous_5)
FNDA:0,(anonymous_6)
DA:1,0
DA:7,0
DA:25,0
LF:3
LH:0
BRF:0
BRH:0
end_of_record
TN:
SF:src\common\performance\performance.interceptor.ts
FN:7,(anonymous_1)
FN:12,(anonymous_2)
FNF:2
FNH:0
FNDA:0,(anonymous_1)
FNDA:0,(anonymous_2)
DA:1,0
DA:3,0
DA:6,0
DA:8,0
DA:9,0
DA:11,0
DA:13,0
DA:14,0
DA:15,0
DA:16,0
DA:19,0
DA:20,0
DA:26,0
LF:13
LH:0
BRDA:19,0,0,0
BRF:1
BRH:0
end_of_record
TN:
SF:src\common\performance\performance.module.ts
FNF:0
FNH:0
DA:1,0
DA:2,0
DA:3,0
DA:14,0
LF:4
LH:0
BRF:0
BRH:0
end_of_record
TN:
SF:src\common\security\security.guards.ts
FN:6,(anonymous_1)
FN:25,(anonymous_2)
FN:30,(anonymous_3)
FN:51,(anonymous_4)
FN:59,(anonymous_5)
FN:70,(anonymous_6)
FN:73,(anonymous_7)
FN:82,(anonymous_8)
FN:92,(anonymous_9)
FN:102,(anonymous_10)
FN:111,(anonymous_11)
FN:123,(anonymous_12)
FN:132,(anonymous_13)
FN:143,(anonymous_14)
FN:154,(anonymous_15)
FN:157,(anonymous_16)
FNF:16
FNH:0
FNDA:0,(anonymous_1)
FNDA:0,(anonymous_2)
FNDA:0,(anonymous_3)
FNDA:0,(anonymous_4)
FNDA:0,(anonymous_5)
FNDA:0,(anonymous_6)
FNDA:0,(anonymous_7)
FNDA:0,(anonymous_8)
FNDA:0,(anonymous_9)
FNDA:0,(anonymous_10)
FNDA:0,(anonymous_11)
FNDA:0,(anonymous_12)
FNDA:0,(anonymous_13)
FNDA:0,(anonymous_14)
FNDA:0,(anonymous_15)
FNDA:0,(anonymous_16)
DA:1,0
DA:5,0
DA:7,0
DA:8,0
DA:11,0
DA:12,0
DA:13,0
DA:14,0
DA:15,0
DA:16,0
DA:17,0
DA:18,0
DA:20,0
DA:25,0
DA:26,0
DA:27,0
DA:28,0
DA:31,0
DA:32,0
DA:35,0
DA:36,0
DA:39,0
DA:40,0
DA:42,0
DA:43,0
DA:46,0
DA:51,0
DA:52,0
DA:60,0
DA:61,0
DA:63,0
DA:64,0
DA:65,0
DA:67,0
DA:71,0
DA:73,0
DA:74,0
DA:75,0
DA:76,0
DA:77,0
DA:83,0
DA:84,0
DA:85,0
DA:92,0
DA:93,0
DA:94,0
DA:95,0
DA:103,0
DA:104,0
DA:105,0
DA:107,0
DA:108,0
DA:110,0
DA:111,0
DA:113,0
DA:114,0
DA:117,0
DA:118,0
DA:120,0
DA:124,0
DA:125,0
DA:126,0
DA:127,0
DA:132,0
DA:133,0
DA:144,0
DA:145,0
DA:147,0
DA:148,0
DA:149,0
DA:151,0
DA:155,0
DA:157,0
DA:158,0
DA:159,0
DA:160,0
DA:161,0
LF:77
LH:0
BRDA:35,0,0,0
BRDA:39,1,0,0
BRDA:39,1,1,0
BRDA:42,2,0,0
BRDA:42,3,0,0
BRDA:42,3,1,0
BRDA:42,3,2,0
BRDA:71,4,0,0
BRDA:74,5,0,0
BRDA:74,5,1,0
BRDA:76,6,0,0
BRDA:84,7,0,0
BRDA:104,8,0,0
BRDA:104,8,1,0
BRDA:110,9,0,0
BRDA:110,9,1,0
BRDA:113,10,0,0
BRDA:124,11,0,0
BRDA:125,12,0,0
BRDA:126,13,0,0
BRDA:155,14,0,0
BRDA:158,15,0,0
BRDA:160,16,0,0
BRF:23
BRH:0
end_of_record
TN:
SF:src\common\swagger\swagger.config.ts
FN:4,setupSwagger
FNF:1
FNH:0
FNDA:0,setupSwagger
DA:1,0
DA:4,0
DA:5,0
DA:32,0
DA:33,0
LF:5
LH:0
BRF:0
BRH:0
end_of_record
TN:
SF:src\common\versioning\versioning.middleware.ts
FN:10,(anonymous_1)
FN:28,getSunsetDate
FN:39,ApiVersion
FN:40,(anonymous_4)
FNF:4
FNH:0
FNDA:0,(anonymous_1)
FNDA:0,getSunsetDate
FNDA:0,ApiVersion
FNDA:0,(anonymous_4)
DA:1,0
DA:9,0
DA:12,0
DA:13,0
DA:16,0
DA:17,0
DA:20,0
DA:21,0
DA:22,0
DA:24,0
DA:29,0
DA:33,0
DA:39,0
DA:40,0
DA:41,0
DA:42,0
DA:43,0
LF:17
LH:0
BRDA:13,0,0,0
BRDA:13,0,1,0
BRDA:21,1,0,0
BRDA:21,1,1,0
BRDA:41,2,0,0
BRDA:41,2,1,0
BRF:6
BRH:0
end_of_record
TN:
SF:src\common\versioning\versioning.module.ts
FN:6,(anonymous_1)
FNF:1
FNH:0
FNDA:0,(anonymous_1)
DA:1,0
DA:2,0
DA:5,0
DA:7,0
LF:4
LH:0
BRF:0
BRH:0
end_of_record
TN:
SF:src\common\websocket\phase6.gateway.ts
FN:27,(anonymous_4)
FN:34,(anonymous_5)
FN:58,(anonymous_6)
FN:73,(anonymous_7)
FN:86,(anonymous_8)
FN:97,(anonymous_9)
FN:108,(anonymous_10)
FN:109,(anonymous_11)
FN:112,(anonymous_12)
FN:124,(anonymous_13)
FN:127,(anonymous_14)
FN:140,(anonymous_15)
FN:143,(anonymous_16)
FN:150,(anonymous_17)
FN:160,(anonymous_18)
FN:174,(anonymous_19)
FN:186,(anonymous_20)
FN:194,(anonymous_21)
FN:199,(anonymous_22)
FN:201,(anonymous_23)
FNF:20
FNH:0
FNDA:0,(anonymous_4)
FNDA:0,(anonymous_5)
FNDA:0,(anonymous_6)
FNDA:0,(anonymous_7)
FNDA:0,(anonymous_8)
FNDA:0,(anonymous_9)
FNDA:0,(anonymous_10)
FNDA:0,(anonymous_11)
FNDA:0,(anonymous_12)
FNDA:0,(anonymous_13)
FNDA:0,(anonymous_14)
FNDA:0,(anonymous_15)
FNDA:0,(anonymous_16)
FNDA:0,(anonymous_17)
FNDA:0,(anonymous_18)
FNDA:0,(anonymous_19)
FNDA:0,(anonymous_20)
FNDA:0,(anonymous_21)
FNDA:0,(anonymous_22)
FNDA:0,(anonymous_23)
DA:1,0
DA:10,0
DA:11,0
DA:27,0
DA:29,0
DA:31,0
DA:32,0
DA:35,0
DA:36,0
DA:37,0
DA:38,0
DA:41,0
DA:47,0
DA:49,0
DA:50,0
DA:52,0
DA:55,0
DA:59,0
DA:60,0
DA:61,0
DA:62,0
DA:63,0
DA:65,0
DA:68,0
DA:73,0
DA:77,0
DA:78,0
DA:79,0
DA:80,0
DA:81,0
DA:87,0
DA:93,0
DA:95,0
DA:96,0
DA:97,0
DA:98,0
DA:103,0
DA:109,0
DA:110,0
DA:111,0
DA:112,0
DA:113,0
DA:125,0
DA:126,0
DA:127,0
DA:128,0
DA:133,0
DA:141,0
DA:142,0
DA:143,0
DA:144,0
DA:151,0
DA:165,0
DA:174,0
DA:178,0
DA:179,0
DA:186,0
DA:190,0
DA:195,0
DA:200,0
DA:201,0
DA:202,0
DA:203,0
DA:206,0
LF:64
LH:0
BRDA:36,0,0,0
BRDA:49,1,0,0
BRDA:60,2,0,0
BRDA:62,3,0,0
BRDA:78,4,0,0
BRDA:93,5,0,0
BRDA:93,5,1,0
BRDA:96,6,0,0
BRDA:111,7,0,0
BRDA:126,8,0,0
BRDA:142,9,0,0
BRDA:202,10,0,0
BRDA:29,11,0,0
BRDA:29,11,1,0
BRDA:29,12,0,0
BRDA:29,12,1,0
BRDA:74,13,0,0
BRDA:74,13,1,0
BRDA:74,14,0,0
BRDA:74,14,1,0
BRDA:175,15,0,0
BRDA:175,15,1,0
BRDA:175,16,0,0
BRDA:175,16,1,0
BRDA:187,17,0,0
BRDA:187,17,1,0
BRDA:187,18,0,0
BRDA:187,18,1,0
BRDA:21,19,0,0
BRDA:21,19,1,0
BRF:30
BRH:0
end_of_record
TN:
SF:src\deploy\deploy.controller.ts
FN:13,(anonymous_4)
FN:18,(anonymous_5)
FN:38,(anonymous_6)
FN:62,(anonymous_7)
FNF:4
FNH:0
FNDA:0,(anonymous_4)
FNDA:0,(anonymous_5)
FNDA:0,(anonymous_6)
FNDA:0,(anonymous_7)
DA:1,0
DA:5,0
DA:6,0
DA:7,0
DA:8,0
DA:12,0
DA:13,0
DA:18,0
DA:26,0
DA:27,0
DA:28,0
DA:32,0
DA:33,0
DA:34,0
DA:35,0
DA:36,0
DA:38,0
DA:39,0
DA:42,0
DA:43,0
DA:49,0
DA:50,0
DA:53,0
DA:54,0
DA:57,0
DA:62,0
DA:63,0
LF:27
LH:0
BRDA:20,0,0,0
BRDA:21,1,0,0
BRDA:22,2,0,0
BRDA:26,3,0,0
BRDA:19,4,0,0
BRDA:19,4,1,0
BRDA:19,5,0,0
BRDA:19,5,1,0
BRDA:19,5,2,0
BRDA:19,6,0,0
BRDA:19,6,1,0
BRDA:19,7,0,0
BRDA:19,7,1,0
BRDA:23,8,0,0
BRDA:23,8,1,0
BRDA:23,9,0,0
BRDA:23,9,1,0
BRDA:13,10,0,0
BRDA:13,10,1,0
BRDA:13,11,0,0
BRDA:13,11,1,0
BRF:21
BRH:0
end_of_record
TN:
SF:src\deploy\deploy.module.ts
FNF:0
FNH:0
DA:1,0
DA:2,0
DA:3,0
DA:9,0
LF:4
LH:0
BRF:0
BRH:0
end_of_record
TN:
SF:src\deploy\deploy.service.ts
FN:18,(anonymous_12)
FN:20,(anonymous_13)
FN:24,(anonymous_14)
FN:28,(anonymous_15)
FN:38,(anonymous_16)
FN:73,(anonymous_17)
FN:76,(anonymous_18)
FN:77,(anonymous_19)
FN:78,(anonymous_20)
FN:81,(anonymous_21)
FN:86,(anonymous_22)
FN:101,(anonymous_23)
FN:111,(anonymous_24)
FN:122,(anonymous_25)
FN:126,(anonymous_26)
FNF:15
FNH:0
FNDA:0,(anonymous_12)
FNDA:0,(anonymous_13)
FNDA:0,(anonymous_14)
FNDA:0,(anonymous_15)
FNDA:0,(anonymous_16)
FNDA:0,(anonymous_17)
FNDA:0,(anonymous_18)
FNDA:0,(anonymous_19)
FNDA:0,(anonymous_20)
FNDA:0,(anonymous_21)
FNDA:0,(anonymous_22)
FNDA:0,(anonymous_23)
FNDA:0,(anonymous_24)
FNDA:0,(anonymous_25)
FNDA:0,(anonymous_26)
DA:1,0
DA:2,0
DA:3,0
DA:4,0
DA:5,0
DA:6,0
DA:17,0
DA:18,0
DA:21,0
DA:25,0
DA:29,0
DA:30,0
DA:32,0
DA:33,0
DA:34,0
DA:36,0
DA:37,0
DA:38,0
DA:39,0
DA:40,0
DA:41,0
DA:42,0
DA:43,0
DA:44,0
DA:46,0
DA:47,0
DA:49,0
DA:50,0
DA:51,0
DA:52,0
DA:53,0
DA:54,0
DA:55,0
DA:56,0
DA:57,0
DA:58,0
DA:59,0
DA:60,0
DA:61,0
DA:63,0
DA:64,0
DA:67,0
DA:68,0
DA:69,0
DA:70,0
DA:74,0
DA:75,0
DA:76,0
DA:77,0
DA:78,0
DA:82,0
DA:83,0
DA:87,0
DA:88,0
DA:89,0
DA:90,0
DA:91,0
DA:92,0
DA:93,0
DA:94,0
DA:95,0
DA:96,0
DA:98,0
DA:102,0
DA:103,0
DA:104,0
DA:105,0
DA:106,0
DA:107,0
DA:108,0
DA:112,0
DA:113,0
DA:114,0
DA:115,0
DA:116,0
DA:117,0
DA:118,0
DA:119,0
DA:123,0
DA:124,0
DA:125,0
DA:126,0
DA:127,0
DA:128,0
DA:129,0
DA:130,0
LF:86
LH:0
BRDA:21,0,0,0
BRDA:21,0,1,0
BRDA:37,1,0,0
BRDA:53,2,0,0
BRDA:55,3,0,0
BRDA:58,4,0,0
BRDA:67,5,0,0
BRDA:74,6,0,0
BRDA:76,7,0,0
BRDA:76,7,1,0
BRDA:82,8,0,0
BRDA:82,8,1,0
BRDA:83,9,0,0
BRDA:83,9,1,0
BRDA:89,10,0,0
BRDA:91,11,0,0
BRDA:92,12,0,0
BRDA:92,12,1,0
BRDA:95,13,0,0
BRDA:104,14,0,0
BRDA:104,14,1,0
BRDA:105,15,0,0
BRDA:106,16,0,0
BRDA:108,17,0,0
BRDA:108,17,1,0
BRDA:112,18,0,0
BRDA:123,19,0,0
BRDA:126,20,0,0
BRDA:127,21,0,0
BRDA:127,21,1,0
BRDA:129,22,0,0
BRDA:129,22,1,0
BRDA:18,23,0,0
BRDA:18,23,1,0
BRDA:18,24,0,0
BRDA:18,24,1,0
BRF:36
BRH:0
end_of_record
TN:
SF:src\devices\devices.gateway.ts
FN:44,(anonymous_4)
FN:59,(anonymous_5)
FN:141,(anonymous_6)
FN:156,(anonymous_7)
FN:168,(anonymous_8)
FN:173,(anonymous_9)
FN:174,(anonymous_10)
FN:186,(anonymous_11)
FN:230,(anonymous_12)
FN:257,(anonymous_13)
FN:266,(anonymous_14)
FN:271,(anonymous_15)
FN:276,(anonymous_16)
FN:286,(anonymous_17)
FN:294,(anonymous_18)
FN:303,(anonymous_19)
FN:307,(anonymous_20)
FN:315,(anonymous_21)
FN:327,(anonymous_22)
FNF:19
FNH:0
FNDA:0,(anonymous_4)
FNDA:0,(anonymous_5)
FNDA:0,(anonymous_6)
FNDA:0,(anonymous_7)
FNDA:0,(anonymous_8)
FNDA:0,(anonymous_9)
FNDA:0,(anonymous_10)
FNDA:0,(anonymous_11)
FNDA:0,(anonymous_12)
FNDA:0,(anonymous_13)
FNDA:0,(anonymous_14)
FNDA:0,(anonymous_15)
FNDA:0,(anonymous_16)
FNDA:0,(anonymous_17)
FNDA:0,(anonymous_18)
FNDA:0,(anonymous_19)
FNDA:0,(anonymous_20)
FNDA:0,(anonymous_21)
FNDA:0,(anonymous_22)
DA:21,1
DA:25,1
DA:26,1
DA:27,1
DA:28,1
DA:29,1
DA:40,1
DA:41,1
DA:42,0
DA:45,0
DA:46,0
DA:47,0
DA:51,0
DA:60,0
DA:61,0
DA:63,0
DA:65,0
DA:69,0
DA:70,0
DA:73,0
DA:74,0
DA:75,0
DA:76,0
DA:77,0
DA:78,0
DA:79,0
DA:83,0
DA:84,0
DA:85,0
DA:86,0
DA:89,0
DA:93,0
DA:99,0
DA:100,0
DA:105,0
DA:110,0
DA:115,0
DA:118,0
DA:121,0
DA:124,0
DA:125,0
DA:129,0
DA:132,0
DA:133,0
DA:135,0
DA:137,0
DA:142,0
DA:143,0
DA:146,0
DA:152,0
DA:156,0
DA:157,0
DA:160,0
DA:161,0
DA:168,1
DA:169,0
DA:174,0
DA:175,0
DA:186,1
DA:196,0
DA:197,0
DA:199,0
DA:200,0
DA:203,0
DA:221,0
DA:230,1
DA:234,0
DA:235,0
DA:238,0
DA:242,0
DA:247,0
DA:248,0
DA:249,0
DA:257,1
DA:258,0
DA:259,0
DA:260,0
DA:267,0
DA:272,0
DA:277,0
DA:287,0
DA:295,0
DA:296,0
DA:304,0
DA:308,0
DA:316,0
DA:317,0
DA:318,0
DA:319,0
DA:320,0
DA:321,0
DA:322,0
DA:323,0
DA:324,0
DA:328,0
DA:329,0
DA:330,0
DA:331,0
DA:332,0
DA:333,0
LF:100
LH:12
BRDA:61,0,0,0
BRDA:61,0,1,0
BRDA:63,1,0,0
BRDA:74,2,0,0
BRDA:74,2,1,0
BRDA:74,3,0,0
BRDA:74,3,1,0
BRDA:76,4,0,0
BRDA:77,5,0,0
BRDA:77,5,1,0
BRDA:83,6,0,0
BRDA:83,6,1,0
BRDA:99,7,0,0
BRDA:99,7,1,0
BRDA:124,8,0,0
BRDA:133,9,0,0
BRDA:143,10,0,0
BRDA:156,11,0,0
BRDA:156,12,0,0
BRDA:156,12,1,0
BRDA:197,13,0,0
BRDA:210,14,0,0
BRDA:210,14,1,0
BRDA:213,15,0,0
BRDA:213,15,1,0
BRDA:214,16,0,0
BRDA:214,16,1,0
BRDA:215,17,0,0
BRDA:215,17,1,0
BRDA:215,18,0,0
BRDA:215,18,1,0
BRDA:216,19,0,0
BRDA:216,19,1,0
BRDA:235,20,0,0
BRDA:259,21,0,0
BRDA:287,22,0,0
BRDA:287,22,1,0
BRDA:316,23,0,0
BRDA:317,24,0,0
BRDA:318,25,0,0
BRDA:319,26,0,0
BRDA:320,27,0,0
BRDA:321,28,0,0
BRDA:322,29,0,0
BRDA:323,30,0,0
BRDA:328,31,0,0
BRDA:329,32,0,0
BRDA:330,33,0,0
BRDA:331,34,0,0
BRDA:332,35,0,0
BRDA:41,36,0,1
BRDA:41,36,1,0
BRDA:41,37,0,1
BRDA:41,37,1,1
BRDA:168,38,0,1
BRDA:168,38,1,0
BRDA:168,39,0,1
BRDA:168,39,1,1
BRDA:187,40,0,1
BRDA:187,40,1,0
BRDA:187,41,0,1
BRDA:187,41,1,1
BRDA:231,42,0,1
BRDA:231,42,1,0
BRDA:231,43,0,1
BRDA:231,43,1,1
BRDA:257,44,0,1
BRDA:257,44,1,0
BRDA:257,45,0,1
BRDA:257,45,1,1
BRDA:45,46,0,1
BRDA:45,46,1,0
BRDA:45,47,0,1
BRDA:45,47,1,1
BRDA:45,48,0,1
BRDA:45,48,1,0
BRDA:45,49,0,1
BRDA:45,49,1,1
BRDA:46,50,0,1
BRDA:46,50,1,0
BRDA:46,51,0,1
BRDA:46,51,1,1
BRF:82
BRH:24
end_of_record
TN:
SF:src\devices\devices.module.ts
FNF:0
FNH:0
DA:1,0
DA:2,0
DA:3,0
DA:4,0
DA:11,0
LF:5
LH:0
BRF:0
BRH:0
end_of_record
TN:
SF:src\discovery\discovery.controller.ts
FN:272,(anonymous_4)
FN:10,(anonymous_5)
FN:15,(anonymous_6)
FN:26,(anonymous_7)
FN:38,(anonymous_8)
FN:47,(anonymous_9)
FN:56,(anonymous_10)
FN:65,(anonymous_11)
FN:75,(anonymous_12)
FN:82,(anonymous_13)
FN:89,(anonymous_14)
FN:99,(anonymous_15)
FN:105,(anonymous_16)
FN:114,(anonymous_17)
FN:120,(anonymous_18)
FN:127,(anonymous_19)
FN:136,(anonymous_20)
FN:145,(anonymous_21)
FN:152,(anonymous_22)
FN:161,(anonymous_23)
FN:170,(anonymous_24)
FN:177,(anonymous_25)
FN:183,(anonymous_26)
FN:189,(anonymous_27)
FN:196,(anonymous_28)
FN:202,(anonymous_29)
FN:211,(anonymous_30)
FN:220,(anonymous_31)
FN:230,(anonymous_32)
FN:236,(anonymous_33)
FN:243,(anonymous_34)
FN:252,(anonymous_35)
FN:259,(anonymous_36)
FN:273,(anonymous_37)
FN:275,(anonymous_38)
FN:280,(anonymous_39)
FN:285,(anonymous_40)
FN:290,(anonymous_41)
FN:295,(anonymous_42)
FN:300,(anonymous_43)
FN:305,(anonymous_44)
FN:310,(anonymous_45)
FN:315,(anonymous_46)
FN:319,(anonymous_47)
FN:323,(anonymous_48)
FN:327,(anonymous_49)
FN:331,(anonymous_50)
FN:335,(anonymous_51)
FN:339,(anonymous_52)
FN:343,(anonymous_53)
FN:347,(anonymous_54)
FN:351,(anonymous_55)
FN:355,(anonymous_56)
FN:359,(anonymous_57)
FN:363,(anonymous_58)
FN:367,(anonymous_59)
FN:371,(anonymous_60)
FN:375,(anonymous_61)
FN:379,(anonymous_62)
FN:383,(anonymous_63)
FN:387,(anonymous_64)
FN:391,(anonymous_65)
FN:395,(anonymous_66)
FNF:63
FNH:0
FNDA:0,(anonymous_4)
FNDA:0,(anonymous_5)
FNDA:0,(anonymous_6)
FNDA:0,(anonymous_7)
FNDA:0,(anonymous_8)
FNDA:0,(anonymous_9)
FNDA:0,(anonymous_10)
FNDA:0,(anonymous_11)
FNDA:0,(anonymous_12)
FNDA:0,(anonymous_13)
FNDA:0,(anonymous_14)
FNDA:0,(anonymous_15)
FNDA:0,(anonymous_16)
FNDA:0,(anonymous_17)
FNDA:0,(anonymous_18)
FNDA:0,(anonymous_19)
FNDA:0,(anonymous_20)
FNDA:0,(anonymous_21)
FNDA:0,(anonymous_22)
FNDA:0,(anonymous_23)
FNDA:0,(anonymous_24)
FNDA:0,(anonymous_25)
FNDA:0,(anonymous_26)
FNDA:0,(anonymous_27)
FNDA:0,(anonymous_28)
FNDA:0,(anonymous_29)
FNDA:0,(anonymous_30)
FNDA:0,(anonymous_31)
FNDA:0,(anonymous_32)
FNDA:0,(anonymous_33)
FNDA:0,(anonymous_34)
FNDA:0,(anonymous_35)
FNDA:0,(anonymous_36)
FNDA:0,(anonymous_37)
FNDA:0,(anonymous_38)
FNDA:0,(anonymous_39)
FNDA:0,(anonymous_40)
FNDA:0,(anonymous_41)
FNDA:0,(anonymous_42)
FNDA:0,(anonymous_43)
FNDA:0,(anonymous_44)
FNDA:0,(anonymous_45)
FNDA:0,(anonymous_46)
FNDA:0,(anonymous_47)
FNDA:0,(anonymous_48)
FNDA:0,(anonymous_49)
FNDA:0,(anonymous_50)
FNDA:0,(anonymous_51)
FNDA:0,(anonymous_52)
FNDA:0,(anonymous_53)
FNDA:0,(anonymous_54)
FNDA:0,(anonymous_55)
FNDA:0,(anonymous_56)
FNDA:0,(anonymous_57)
FNDA:0,(anonymous_58)
FNDA:0,(anonymous_59)
FNDA:0,(anonymous_60)
FNDA:0,(anonymous_61)
FNDA:0,(anonymous_62)
FNDA:0,(anonymous_63)
FNDA:0,(anonymous_64)
FNDA:0,(anonymous_65)
FNDA:0,(anonymous_66)
DA:1,0
DA:2,0
DA:3,0
DA:4,0
DA:9,0
DA:10,0
DA:15,0
DA:20,0
DA:21,0
DA:26,0
DA:27,0
DA:32,0
DA:38,0
DA:42,0
DA:47,0
DA:51,0
DA:56,0
DA:60,0
DA:65,0
DA:69,0
DA:75,0
DA:76,0
DA:77,0
DA:82,0
DA:83,0
DA:84,0
DA:89,0
DA:93,0
DA:99,0
DA:100,0
DA:105,0
DA:109,0
DA:114,0
DA:115,0
DA:120,0
DA:121,0
DA:127,0
DA:131,0
DA:136,0
DA:140,0
DA:145,0
DA:146,0
DA:152,0
DA:156,0
DA:161,0
DA:165,0
DA:170,0
DA:171,0
DA:177,0
DA:178,0
DA:183,0
DA:184,0
DA:189,0
DA:190,0
DA:196,0
DA:197,0
DA:202,0
DA:206,0
DA:211,0
DA:215,0
DA:220,0
DA:224,0
DA:230,0
DA:231,0
DA:236,0
DA:237,0
DA:243,0
DA:246,0
DA:252,0
DA:253,0
DA:254,0
DA:259,0
DA:264,0
DA:268,0
DA:269,0
DA:272,0
DA:273,0
DA:277,0
DA:282,0
DA:287,0
DA:292,0
DA:297,0
DA:302,0
DA:307,0
DA:312,0
DA:316,0
DA:320,0
DA:324,0
DA:328,0
DA:332,0
DA:336,0
DA:340,0
DA:344,0
DA:348,0
DA:352,0
DA:356,0
DA:360,0
DA:364,0
DA:368,0
DA:372,0
DA:376,0
DA:380,0
DA:384,0
DA:388,0
DA:392,0
DA:396,0
LF:106
LH:0
BRDA:17,0,0,0
BRDA:39,1,0,0
BRDA:40,2,0,0
BRDA:49,3,0,0
BRDA:58,4,0,0
BRDA:67,5,0,0
BRDA:82,6,0,0
BRDA:107,7,0,0
BRDA:129,8,0,0
BRDA:138,9,0,0
BRDA:154,10,0,0
BRDA:163,11,0,0
BRDA:170,12,0,0
BRDA:204,13,0,0
BRDA:213,14,0,0
BRDA:222,15,0,0
BRDA:262,16,0,0
BRDA:10,17,0,0
BRDA:10,17,1,0
BRDA:10,18,0,0
BRDA:10,18,1,0
BRDA:273,19,0,0
BRDA:273,19,1,0
BRDA:273,20,0,0
BRDA:273,20,1,0
BRF:25
BRH:0
end_of_record
TN:
SF:src\family\family-sharing.controller.ts
FN:9,(anonymous_4)
FN:13,(anonymous_5)
FN:23,(anonymous_6)
FN:30,(anonymous_7)
FN:40,(anonymous_8)
FN:47,(anonymous_9)
FN:54,(anonymous_10)
FN:61,(anonymous_11)
FN:71,(anonymous_12)
FN:77,(anonymous_13)
FN:88,(anonymous_14)
FN:105,(anonymous_15)
FN:115,(anonymous_16)
FN:125,(anonymous_17)
FN:135,(anonymous_18)
FN:146,(anonymous_19)
FN:148,(anonymous_20)
FN:153,(anonymous_21)
FN:158,(anonymous_22)
FN:163,(anonymous_23)
FN:168,(anonymous_24)
FN:173,(anonymous_25)
FN:178,(anonymous_26)
FN:183,(anonymous_27)
FN:188,(anonymous_28)
FN:193,(anonymous_29)
FN:198,(anonymous_30)
FN:203,(anonymous_31)
FN:208,(anonymous_32)
FN:213,(anonymous_33)
FNF:30
FNH:0
FNDA:0,(anonymous_4)
FNDA:0,(anonymous_5)
FNDA:0,(anonymous_6)
FNDA:0,(anonymous_7)
FNDA:0,(anonymous_8)
FNDA:0,(anonymous_9)
FNDA:0,(anonymous_10)
FNDA:0,(anonymous_11)
FNDA:0,(anonymous_12)
FNDA:0,(anonymous_13)
FNDA:0,(anonymous_14)
FNDA:0,(anonymous_15)
FNDA:0,(anonymous_16)
FNDA:0,(anonymous_17)
FNDA:0,(anonymous_18)
FNDA:0,(anonymous_19)
FNDA:0,(anonymous_20)
FNDA:0,(anonymous_21)
FNDA:0,(anonymous_22)
FNDA:0,(anonymous_23)
FNDA:0,(anonymous_24)
FNDA:0,(anonymous_25)
FNDA:0,(anonymous_26)
FNDA:0,(anonymous_27)
FNDA:0,(anonymous_28)
FNDA:0,(anonymous_29)
FNDA:0,(anonymous_30)
FNDA:0,(anonymous_31)
FNDA:0,(anonymous_32)
FNDA:0,(anonymous_33)
DA:1,0
DA:2,0
DA:3,0
DA:8,0
DA:9,0
DA:13,0
DA:17,0
DA:18,0
DA:23,0
DA:24,0
DA:25,0
DA:30,0
DA:34,0
DA:35,0
DA:40,0
DA:41,0
DA:42,0
DA:47,0
DA:48,0
DA:49,0
DA:54,0
DA:55,0
DA:56,0
DA:61,0
DA:65,0
DA:66,0
DA:71,0
DA:72,0
DA:77,0
DA:82,0
DA:83,0
DA:88,0
DA:99,0
DA:100,0
DA:105,0
DA:109,0
DA:110,0
DA:115,0
DA:119,0
DA:120,0
DA:125,0
DA:129,0
DA:130,0
DA:135,0
DA:136,0
DA:137,0
DA:141,0
DA:142,0
DA:145,0
DA:146,0
DA:150,0
DA:155,0
DA:160,0
DA:165,0
DA:170,0
DA:175,0
DA:180,0
DA:185,0
DA:190,0
DA:195,0
DA:200,0
DA:205,0
DA:210,0
DA:215,0
LF:64
LH:0
BRDA:146,0,0,0
BRDA:146,0,1,0
BRDA:146,1,0,0
BRDA:146,1,1,0
BRF:4
BRH:0
end_of_record
TN:
SF:src\family\family.controller.ts
FN:9,(anonymous_4)
FN:12,(anonymous_5)
FN:17,(anonymous_6)
FN:22,(anonymous_7)
FN:27,(anonymous_8)
FNF:5
FNH:0
FNDA:0,(anonymous_4)
FNDA:0,(anonymous_5)
FNDA:0,(anonymous_6)
FNDA:0,(anonymous_7)
FNDA:0,(anonymous_8)
DA:1,0
DA:2,0
DA:8,0
DA:9,0
DA:12,0
DA:13,0
DA:17,0
DA:18,0
DA:22,0
DA:23,0
DA:27,0
DA:28,0
LF:12
LH:0
BRDA:12,0,0,0
BRDA:12,0,1,0
BRDA:12,1,0,0
BRDA:12,1,1,0
BRDA:17,2,0,0
BRDA:17,2,1,0
BRDA:17,3,0,0
BRDA:17,3,1,0
BRDA:22,4,0,0
BRDA:22,4,1,0
BRDA:22,5,0,0
BRDA:22,5,1,0
BRDA:27,6,0,0
BRDA:27,6,1,0
BRDA:27,7,0,0
BRDA:27,7,1,0
BRDA:9,8,0,0
BRDA:9,8,1,0
BRDA:9,9,0,0
BRDA:9,9,1,0
BRF:20
BRH:0
end_of_record
TN:
SF:src\family\family.module.ts
FNF:0
FNH:0
DA:1,0
DA:2,0
DA:3,0
DA:10,0
LF:4
LH:0
BRF:0
BRH:0
end_of_record
TN:
SF:src\family\family.service.ts
FN:8,(anonymous_2)
FN:12,(anonymous_3)
FN:17,(anonymous_4)
FN:22,(anonymous_5)
FN:27,(anonymous_6)
FN:32,(anonymous_7)
FNF:6
FNH:0
FNDA:0,(anonymous_2)
FNDA:0,(anonymous_3)
FNDA:0,(anonymous_4)
FNDA:0,(anonymous_5)
FNDA:0,(anonymous_6)
FNDA:0,(anonymous_7)
DA:1,0
DA:2,0
DA:4,0
DA:7,0
DA:8,0
DA:14,0
DA:19,0
DA:24,0
DA:29,0
DA:34,0
LF:10
LH:0
BRDA:8,0,0,0
BRDA:8,0,1,0
BRDA:8,1,0,0
BRDA:8,1,1,0
BRF:4
BRH:0
end_of_record
TN:
SF:src\favorites\favorites.controller.ts
FN:9,(anonymous_4)
FN:12,(anonymous_5)
FN:17,(anonymous_6)
FN:22,(anonymous_7)
FNF:4
FNH:0
FNDA:0,(anonymous_4)
FNDA:0,(anonymous_5)
FNDA:0,(anonymous_6)
FNDA:0,(anonymous_7)
DA:1,0
DA:3,0
DA:8,0
DA:9,0
DA:12,0
DA:13,0
DA:17,0
DA:18,0
DA:22,0
DA:23,0
LF:10
LH:0
BRDA:12,0,0,0
BRDA:12,0,1,0
BRDA:12,1,0,0
BRDA:12,1,1,0
BRDA:17,2,0,0
BRDA:17,2,1,0
BRDA:17,3,0,0
BRDA:17,3,1,0
BRDA:22,4,0,0
BRDA:22,4,1,0
BRDA:22,5,0,0
BRDA:22,5,1,0
BRDA:9,6,0,0
BRDA:9,6,1,0
BRDA:9,7,0,0
BRDA:9,7,1,0
BRF:16
BRH:0
end_of_record
TN:
SF:src\favorites\favorites.module.ts
FNF:0
FNH:0
DA:1,0
DA:2,0
DA:3,0
DA:9,0
LF:4
LH:0
BRF:0
BRH:0
end_of_record
TN:
SF:src\favorites\favorites.service.ts
FN:10,(anonymous_2)
FN:12,(anonymous_3)
FN:21,(anonymous_4)
FN:32,(anonymous_5)
FNF:4
FNH:4
FNDA:3,(anonymous_2)
FNDA:100,(anonymous_3)
FNDA:50,(anonymous_4)
FNDA:30,(anonymous_5)
DA:1,1
DA:6,1
DA:9,1
DA:10,3
DA:13,100
DA:16,100
DA:18,50
DA:22,50
DA:25,50
DA:27,50
DA:33,30
LF:11
LH:11
BRDA:16,0,0,50
BRDA:25,1,0,0
BRDA:10,2,0,1
BRDA:10,2,1,0
BRDA:10,3,0,1
BRDA:10,3,1,1
BRF:6
BRH:4
end_of_record
TN:
SF:src\heatmap\heatmap.controller.ts
FN:7,(anonymous_4)
FN:11,(anonymous_5)
FN:17,(anonymous_6)
FN:23,(anonymous_7)
FNF:4
FNH:0
FNDA:0,(anonymous_4)
FNDA:0,(anonymous_5)
FNDA:0,(anonymous_6)
FNDA:0,(anonymous_7)
DA:1,0
DA:2,0
DA:3,0
DA:6,0
DA:7,0
DA:11,0
DA:12,0
DA:17,0
DA:18,0
DA:23,0
DA:24,0
LF:11
LH:0
BRDA:7,0,0,0
BRDA:7,0,1,0
BRDA:7,1,0,0
BRDA:7,1,1,0
BRF:4
BRH:0
end_of_record
TN:
SF:src\heatmap\heatmap.model.ts
FNF:0
FNH:0
DA:1,0
DA:11,0
LF:2
LH:0
BRF:0
BRH:0
end_of_record
TN:
SF:src\heatmap\heatmap.module.ts
FNF:0
FNH:0
DA:1,0
DA:2,0
DA:3,0
DA:4,0
DA:12,0
LF:5
LH:0
BRF:0
BRH:0
end_of_record
TN:
SF:src\heatmap\heatmap.service.ts
FN:6,(anonymous_2)
FN:8,(anonymous_3)
FN:20,(anonymous_4)
FN:27,(anonymous_5)
FN:28,(anonymous_6)
FN:37,(anonymous_7)
FNF:6
FNH:0
FNDA:0,(anonymous_2)
FNDA:0,(anonymous_3)
FNDA:0,(anonymous_4)
FNDA:0,(anonymous_5)
FNDA:0,(anonymous_6)
FNDA:0,(anonymous_7)
DA:1,0
DA:2,0
DA:5,0
DA:6,0
DA:9,0
DA:10,0
DA:11,0
DA:13,0
DA:21,0
DA:27,0
DA:28,0
DA:30,0
DA:31,0
DA:34,0
DA:38,0
DA:39,0
DA:40,0
DA:41,0
DA:43,0
DA:44,0
DA:45,0
DA:46,0
DA:47,0
DA:48,0
DA:53,0
LF:25
LH:0
BRDA:45,0,0,0
BRDA:6,1,0,0
BRDA:6,1,1,0
BRDA:6,2,0,0
BRDA:6,2,1,0
BRF:5
BRH:0
end_of_record
TN:
SF:src\import\import.controller.ts
FN:8,(anonymous_4)
FN:13,(anonymous_5)
FN:19,(anonymous_6)
FNF:3
[...]
FNDA:0,(anonymous_15)
FNDA:0,(anonymous_16)
FNDA:0,(anonymous_17)
FNDA:0,(anonymous_18)
FNDA:0,(anonymous_19)
FNDA:0,(anonymous_20)
FNDA:0,(anonymous_21)
FNDA:0,(anonymous_22)
FNDA:0,(anonymous_23)
FNDA:0,(anonymous_24)
FNDA:10,(anonymous_25)
FNDA:0,(anonymous_26)
FNDA:0,(anonymous_27)
FNDA:0,(anonymous_28)
FNDA:0,(anonymous_29)
FNDA:0,(anonymous_30)
FNDA:0,(anonymous_31)
FNDA:0,(anonymous_32)
FNDA:0,(anonymous_33)
FNDA:0,(anonymous_34)
FNDA:0,(anonymous_35)
FNDA:0,(anonymous_36)
FNDA:101,(anonymous_37)
DA:1,1
DA:2,1
DA:3,1
DA:4,1
DA:5,1
DA:7,1
DA:17,1
DA:19,5
DA:22,5
DA:23,5
DA:24,5
DA:28,0
DA:29,0
DA:38,0
DA:42,0
DA:51,0
DA:52,0
DA:55,0
DA:56,0
DA:57,0
DA:58,0
DA:59,0
DA:60,0
DA:62,0
DA:63,0
DA:66,0
DA:67,0
DA:68,0
DA:69,0
DA:70,0
DA:74,0
DA:75,0
DA:76,0
DA:77,0
DA:78,0
DA:79,0
DA:80,0
DA:81,0
DA:83,0
DA:84,0
DA:85,0
DA:86,0
DA:87,0
DA:88,0
DA:89,0
DA:90,0
DA:95,0
DA:96,0
DA:97,0
DA:98,0
DA:99,0
DA:100,0
DA:101,0
DA:102,0
DA:104,0
DA:105,0
DA:106,0
DA:107,0
DA:108,0
DA:109,0
DA:110,0
DA:111,0
DA:116,0
DA:117,0
DA:121,0
DA:129,0
DA:130,0
DA:131,0
DA:134,0
DA:135,0
DA:139,0
DA:144,0
DA:145,0
DA:149,0
DA:156,0
DA:157,0
DA:158,0
DA:161,0
DA:162,0
DA:165,0
DA:168,0
DA:179,0
DA:183,0
DA:184,0
DA:193,5
DA:200,10
DA:201,10
DA:203,10
DA:204,0
DA:207,10
DA:208,0
DA:210,0
DA:211,0
DA:213,0
DA:215,0
DA:220,0
DA:227,0
DA:232,0
DA:251,0
DA:253,0
DA:257,0
DA:262,0
DA:263,0
DA:264,0
DA:265,0
DA:267,0
DA:268,0
DA:270,0
DA:272,0
DA:282,0
DA:288,0
DA:294,0
DA:295,0
DA:298,0
DA:313,0
DA:314,0
DA:315,0
DA:320,0
DA:324,0
DA:332,101
DA:333,101
DA:336,101
DA:337,101
DA:343,50
DA:346,51
DA:361,50
LF:126
LH:23
BRDA:27,0,0,0
BRDA:27,1,0,0
BRDA:31,2,0,0
BRDA:31,2,1,0
BRDA:36,3,0,0
BRDA:36,3,1,0
BRDA:58,4,0,0
BRDA:59,5,0,0
BRDA:68,6,0,0
BRDA:74,7,0,0
BRDA:77,8,0,0
BRDA:79,9,0,0
BRDA:80,10,0,0
BRDA:86,11,0,0
BRDA:88,12,0,0
BRDA:95,13,0,0
BRDA:98,14,0,0
BRDA:100,15,0,0
BRDA:101,16,0,0
BRDA:107,17,0,0
BRDA:109,18,0,0
BRDA:116,19,0,0
BRDA:116,20,0,0
BRDA:116,20,1,0
BRDA:131,21,0,0
BRDA:131,21,1,0
BRDA:131,22,0,0
BRDA:131,22,1,0
BRDA:134,23,0,0
BRDA:134,23,1,0
BRDA:135,24,0,0
BRDA:135,24,1,0
BRDA:158,25,0,0
BRDA:158,25,1,0
BRDA:158,26,0,0
BRDA:158,26,1,0
BRDA:161,27,0,0
BRDA:161,27,1,0
BRDA:162,28,0,0
BRDA:162,28,1,0
BRDA:171,29,0,0
BRDA:171,29,1,0
BRDA:183,30,0,0
BRDA:201,31,0,0
BRDA:203,32,0,0
BRDA:208,33,0,0
BRDA:208,33,1,0
BRDA:219,34,0,0
BRDA:265,35,0,0
BRDA:265,36,0,0
BRDA:265,36,1,0
BRDA:281,37,0,0
BRDA:303,38,0,0
BRDA:303,38,1,0
BRDA:304,39,0,0
BRDA:304,39,1,0
BRDA:313,40,0,0
BRDA:349,41,0,51
BRDA:349,41,1,0
BRDA:350,42,0,51
BRDA:350,42,1,0
BRDA:22,43,0,1
BRDA:22,43,1,0
BRDA:22,44,0,1
BRDA:22,44,1,1
BRDA:22,45,0,1
BRDA:22,45,1,0
BRDA:22,46,0,1
BRDA:22,46,1,1
BRDA:23,47,0,1
BRDA:23,47,1,0
BRDA:23,48,0,1
BRDA:23,48,1,1
BRF:73
BRH:11
end_of_record
TN:
SF:src\spotify\spotify.module.ts
FNF:0
FNH:0
DA:1,0
DA:2,0
DA:8,0
LF:3
LH:0
BRF:0
BRH:0
end_of_record
TN:
SF:src\spotify\spotify.service.ts
FN:37,(anonymous_2)
FN:41,(anonymous_3)
FN:47,(anonymous_4)
FN:61,(anonymous_5)
FN:66,(anonymous_6)
FN:77,(anonymous_7)
FN:84,(anonymous_8)
FN:94,(anonymous_9)
FN:103,(anonymous_10)
FN:112,(anonymous_11)
FN:131,(anonymous_12)
FN:139,(anonymous_13)
FN:148,(anonymous_14)
FN:169,(anonymous_15)
FN:186,(anonymous_16)
FN:211,(anonymous_17)
FN:224,(anonymous_18)
FN:237,(anonymous_19)
FN:238,(anonymous_20)
FN:249,(anonymous_21)
FN:254,(anonymous_22)
FN:256,(anonymous_23)
FN:263,(anonymous_24)
FN:272,(anonymous_25)
FN:284,(anonymous_26)
FN:300,(anonymous_27)
FN:307,(anonymous_28)
FN:309,(anonymous_29)
FN:311,(anonymous_30)
FN:313,(anonymous_31)
FN:315,(anonymous_32)
FN:317,(anonymous_33)
FN:322,(anonymous_34)
FN:324,(anonymous_35)
FN:326,(anonymous_36)
FN:348,(anonymous_37)
FN:371,(anonymous_38)
FN:385,(anonymous_39)
FN:414,(anonymous_40)
FN:438,(anonymous_41)
FN:441,(anonymous_42)
FN:460,(anonymous_43)
FN:497,(anonymous_44)
FN:515,(anonymous_45)
FN:540,(anonymous_46)
FN:548,(anonymous_47)
FN:572,(anonymous_48)
FN:583,(anonymous_49)
FN:586,(anonymous_50)
FN:590,(anonymous_51)
FN:596,(anonymous_52)
FN:608,(anonymous_53)
FNF:52
FNH:0
FNDA:0,(anonymous_2)
FNDA:0,(anonymous_3)
FNDA:0,(anonymous_4)
FNDA:0,(anonymous_5)
FNDA:0,(anonymous_6)
FNDA:0,(anonymous_7)
FNDA:0,(anonymous_8)
FNDA:0,(anonymous_9)
FNDA:0,(anonymous_10)
FNDA:0,(anonymous_11)
FNDA:0,(anonymous_12)
FNDA:0,(anonymous_13)
FNDA:0,(anonymous_14)
FNDA:0,(anonymous_15)
FNDA:0,(anonymous_16)
FNDA:0,(anonymous_17)
FNDA:0,(anonymous_18)
FNDA:0,(anonymous_19)
FNDA:0,(anonymous_20)
FNDA:0,(anonymous_21)
FNDA:0,(anonymous_22)
FNDA:0,(anonymous_23)
FNDA:0,(anonymous_24)
FNDA:0,(anonymous_25)
FNDA:0,(anonymous_26)
FNDA:0,(anonymous_27)
FNDA:0,(anonymous_28)
FNDA:0,(anonymous_29)
FNDA:0,(anonymous_30)
FNDA:0,(anonymous_31)
FNDA:0,(anonymous_32)
FNDA:0,(anonymous_33)
FNDA:0,(anonymous_34)
FNDA:0,(anonymous_35)
FNDA:0,(anonymous_36)
FNDA:0,(anonymous_37)
FNDA:0,(anonymous_38)
FNDA:0,(anonymous_39)
FNDA:0,(anonymous_40)
FNDA:0,(anonymous_41)
FNDA:0,(anonymous_42)
FNDA:0,(anonymous_43)
FNDA:0,(anonymous_44)
FNDA:0,(anonymous_45)
FNDA:0,(anonymous_46)
FNDA:0,(anonymous_47)
FNDA:0,(anonymous_48)
FNDA:0,(anonymous_49)
FNDA:0,(anonymous_50)
FNDA:0,(anonymous_51)
FNDA:0,(anonymous_52)
FNDA:0,(anonymous_53)
DA:1,0
DA:2,0
DA:29,0
DA:30,0
DA:31,0
DA:32,0
DA:33,0
DA:34,0
DA:35,0
DA:37,0
DA:42,0
DA:43,0
DA:44,0
DA:48,0
DA:62,0
DA:63,0
DA:66,0
DA:68,0
DA:69,0
DA:78,0
DA:80,0
DA:81,0
DA:82,0
DA:83,0
DA:84,0
DA:85,0
DA:89,0
DA:90,0
DA:91,0
DA:92,0
DA:93,0
DA:94,0
DA:95,0
DA:98,0
DA:104,0
DA:105,0
DA:106,0
DA:107,0
DA:110,0
DA:111,0
DA:112,0
DA:124,0
DA:125,0
DA:132,0
DA:135,0
DA:136,0
DA:140,0
DA:141,0
DA:144,0
DA:145,0
DA:149,0
DA:150,0
DA:151,0
DA:152,0
DA:153,0
DA:154,0
DA:156,0
DA:159,0
DA:160,0
DA:161,0
DA:163,0
DA:164,0
DA:165,0
DA:166,0
DA:169,0
DA:177,0
DA:179,0
DA:180,0
DA:190,0
DA:191,0
DA:197,0
DA:198,0
DA:199,0
DA:200,0
DA:205,0
DA:213,0
DA:214,0
DA:217,0
DA:218,0
DA:221,0
DA:225,0
DA:226,0
DA:227,0
DA:238,0
DA:243,0
DA:244,0
DA:245,0
DA:247,0
DA:248,0
DA:249,0
DA:250,0
DA:251,0
DA:255,0
DA:256,0
DA:257,0
DA:258,0
DA:260,0
DA:261,0
DA:263,0
DA:264,0
DA:266,0
DA:268,0
DA:269,0
DA:273,0
DA:279,0
DA:281,0
DA:282,0
DA:283,0
DA:284,0
DA:285,0
DA:286,0
DA:289,0
DA:290,0
DA:291,0
DA:292,0
DA:293,0
DA:294,0
DA:297,0
DA:300,0
DA:301,0
DA:302,0
DA:305,0
DA:307,0
DA:309,0
DA:311,0
DA:313,0
DA:315,0
DA:318,0
DA:319,0
DA:322,0
DA:324,0
DA:326,0
DA:329,0
DA:330,0
DA:331,0
DA:332,0
DA:334,0
DA:335,0
DA:336,0
DA:338,0
DA:343,0
DA:349,0
DA:350,0
DA:351,0
DA:354,0
DA:355,0
DA:356,0
DA:357,0
DA:358,0
DA:368,0
DA:372,0
DA:373,0
DA:376,0
DA:377,0
DA:378,0
DA:379,0
DA:380,0
DA:386,0
DA:387,0
DA:389,0
DA:390,0
DA:394,0
DA:395,0
DA:396,0
DA:397,0
DA:398,0
DA:401,0
DA:405,0
DA:406,0
DA:407,0
DA:408,0
DA:409,0
DA:410,0
DA:411,0
DA:412,0
DA:413,0
DA:414,0
DA:415,0
DA:421,0
DA:422,0
DA:425,0
DA:435,0
DA:439,0
DA:440,0
DA:441,0
DA:449,0
DA:462,0
DA:463,0
DA:465,0
DA:466,0
DA:468,0
DA:469,0
DA:471,0
DA:472,0
DA:475,0
DA:476,0
DA:477,0
DA:478,0
DA:481,0
DA:482,0
DA:483,0
DA:484,0
DA:488,0
DA:489,0
DA:492,0
DA:500,0
DA:501,0
DA:502,0
DA:503,0
DA:504,0
DA:509,0
DA:510,0
DA:512,0
DA:518,0
DA:519,0
DA:523,0
DA:524,0
DA:525,0
DA:526,0
DA:527,0
DA:528,0
DA:529,0
DA:530,0
DA:531,0
DA:537,0
DA:543,0
DA:550,0
DA:551,0
DA:555,0
DA:556,0
DA:557,0
DA:558,0
DA:559,0
DA:560,0
DA:566,0
DA:567,0
DA:569,0
DA:573,0
DA:574,0
DA:577,0
DA:578,0
DA:579,0
DA:580,0
DA:584,0
DA:585,0
DA:586,0
DA:587,0
DA:591,0
DA:595,0
DA:596,0
DA:601,0
DA:609,0
DA:610,0
DA:611,0
DA:612,0
DA:616,0
DA:617,0
DA:618,0
DA:619,0
DA:620,0
DA:621,0
DA:622,0
DA:628,0
DA:629,0
DA:630,0
DA:631,0
DA:632,0
DA:633,0
DA:634,0
DA:638,0
LF:270
LH:0
BRDA:43,0,0,0
BRDA:52,1,0,0
BRDA:52,1,1,0
BRDA:53,2,0,0
BRDA:53,2,1,0
BRDA:54,3,0,0
BRDA:54,3,1,0
BRDA:54,3,2,0
BRDA:54,3,3,0
BRDA:55,4,0,0
BRDA:55,4,1,0
BRDA:56,5,0,0
BRDA:56,5,1,0
BRDA:57,6,0,0
BRDA:57,6,1,0
BRDA:61,7,0,0
BRDA:66,8,0,0
BRDA:66,8,1,0
BRDA:80,9,0,0
BRDA:82,10,0,0
BRDA:84,11,0,0
BRDA:84,11,1,0
BRDA:85,12,0,0
BRDA:89,13,0,0
BRDA:89,13,1,0
BRDA:92,14,0,0
BRDA:94,15,0,0
BRDA:94,15,1,0
BRDA:95,16,0,0
BRDA:105,17,0,0
BRDA:110,18,0,0
BRDA:112,19,0,0
BRDA:112,19,1,0
BRDA:112,19,2,0
BRDA:113,20,0,0
BRDA:113,20,1,0
BRDA:113,20,2,0
BRDA:115,21,0,0
BRDA:115,21,1,0
BRDA:116,22,0,0
BRDA:116,22,1,0
BRDA:116,22,2,0
BRDA:117,23,0,0
BRDA:117,23,1,0
BRDA:117,23,2,0
BRDA:118,24,0,0
BRDA:118,24,1,0
BRDA:118,24,2,0
BRDA:119,25,0,0
BRDA:119,25,1,0
BRDA:120,26,0,0
BRDA:120,26,1,0
BRDA:121,27,0,0
BRDA:121,27,1,0
BRDA:135,28,0,0
BRDA:144,29,0,0
BRDA:144,29,1,0
BRDA:151,30,0,0
BRDA:151,30,1,0
BRDA:153,31,0,0
BRDA:153,31,1,0
BRDA:163,32,0,0
BRDA:163,32,1,0
BRDA:165,33,0,0
BRDA:165,33,1,0
BRDA:169,34,0,0
BRDA:169,34,1,0
BRDA:169,35,0,0
BRDA:169,35,1,0
BRDA:170,36,0,0
BRDA:170,36,1,0
BRDA:173,37,0,0
BRDA:173,37,1,0
BRDA:174,38,0,0
BRDA:174,38,1,0
BRDA:186,39,0,0
BRDA:186,40,0,0
BRDA:194,41,0,0
BRDA:194,41,1,0
BRDA:195,42,0,0
BRDA:195,42,1,0
BRDA:198,43,0,0
BRDA:201,44,0,0
BRDA:201,44,1,0
BRDA:202,45,0,0
BRDA:202,45,1,0
BRDA:211,46,0,0
BRDA:214,47,0,0
BRDA:218,48,0,0
BRDA:225,49,0,0
BRDA:225,49,1,0
BRDA:227,50,0,0
BRDA:227,50,1,0
BRDA:244,51,0,0
BRDA:245,52,0,0
BRDA:245,53,0,0
BRDA:245,53,1,0
BRDA:255,54,0,0
BRDA:258,55,0,0
BRDA:258,55,1,0
BRDA:260,56,0,0
BRDA:260,56,1,0
BRDA:266,57,0,0
BRDA:268,58,0,0
BRDA:268,59,0,0
BRDA:268,59,1,0
BRDA:279,60,0,0
BRDA:279,60,1,0
BRDA:283,61,0,0
BRDA:285,62,0,0
BRDA:285,62,1,0
BRDA:286,63,0,0
BRDA:291,64,0,0
BRDA:297,65,0,0
BRDA:297,65,1,0
BRDA:297,65,2,0
BRDA:307,66,0,0
BRDA:307,66,1,0
BRDA:311,67,0,0
BRDA:311,67,1,0
BRDA:315,68,0,0
BRDA:315,68,1,0
BRDA:318,69,0,0
BRDA:318,69,1,0
BRDA:324,70,0,0
BRDA:324,70,1,0
BRDA:324,71,0,0
BRDA:324,71,1,0
BRDA:326,72,0,0
BRDA:326,72,1,0
BRDA:332,73,0,0
BRDA:332,74,0,0
BRDA:332,74,1,0
BRDA:332,74,2,0
BRDA:334,75,0,0
BRDA:334,76,0,0
BRDA:334,76,1,0
BRDA:335,77,0,0
BRDA:335,77,1,0
BRDA:336,78,0,0
BRDA:350,79,0,0
BRDA:350,79,1,0
BRDA:354,80,0,0
BRDA:357,81,0,0
BRDA:360,82,0,0
BRDA:360,82,1,0
BRDA:361,83,0,0
BRDA:361,83,1,0
BRDA:361,83,2,0
BRDA:362,84,0,0
BRDA:362,84,1,0
BRDA:363,85,0,0
BRDA:363,85,1,0
BRDA:364,86,0,0
BRDA:364,86,1,0
BRDA:366,87,0,0
BRDA:366,87,1,0
BRDA:376,88,0,0
BRDA:379,89,0,0
BRDA:379,89,1,0
BRDA:389,90,0,0
BRDA:389,90,1,0
BRDA:390,91,0,0
BRDA:390,91,1,0
BRDA:391,92,0,0
BRDA:391,92,1,0
BRDA:395,93,0,0
BRDA:398,94,0,0
BRDA:398,95,0,0
BRDA:398,95,1,0
BRDA:401,96,0,0
BRDA:401,96,1,0
BRDA:407,97,0,0
BRDA:410,98,0,0
BRDA:412,99,0,0
BRDA:412,99,1,0
BRDA:413,100,0,0
BRDA:413,100,1,0
BRDA:414,101,0,0
BRDA:414,101,1,0
BRDA:415,102,0,0
BRDA:415,102,1,0
BRDA:421,103,0,0
BRDA:422,104,0,0
BRDA:422,104,1,0
BRDA:426,105,0,0
BRDA:426,105,1,0
BRDA:432,106,0,0
BRDA:432,106,1,0
BRDA:438,107,0,0
BRDA:441,108,0,0
BRDA:441,108,1,0
BRDA:444,109,0,0
BRDA:444,109,1,0
BRDA:444,109,2,0
BRDA:444,109,3,0
BRDA:446,110,0,0
BRDA:446,110,1,0
BRDA:463,111,0,0
BRDA:466,112,0,0
BRDA:469,113,0,0
BRDA:472,114,0,0
BRDA:476,115,0,0
BRDA:482,116,0,0
BRDA:488,117,0,0
BRDA:488,118,0,0
BRDA:488,118,1,0
BRDA:502,119,0,0
BRDA:510,120,0,0
BRDA:523,121,0,0
BRDA:526,122,0,0
BRDA:527,123,0,0
BRDA:527,123,1,0
BRDA:527,123,2,0
BRDA:528,124,0,0
BRDA:528,124,1,0
BRDA:529,125,0,0
BRDA:529,126,0,0
BRDA:529,126,1,0
BRDA:531,127,0,0
BRDA:555,128,0,0
BRDA:558,129,0,0
BRDA:560,130,0,0
BRDA:567,131,0,0
BRDA:577,132,0,0
BRDA:585,133,0,0
BRDA:585,133,1,0
BRDA:586,134,0,0
BRDA:586,134,1,0
BRDA:595,135,0,0
BRDA:595,135,1,0
BRDA:595,136,0,0
BRDA:595,136,1,0
BRDA:596,137,0,0
BRDA:596,137,1,0
BRDA:598,138,0,0
BRDA:598,138,1,0
BRDA:599,139,0,0
BRDA:599,139,1,0
BRDA:599,139,2,0
BRDA:599,139,3,0
BRDA:610,140,0,0
BRDA:616,141,0,0
BRDA:619,142,0,0
BRDA:620,143,0,0
BRDA:620,143,1,0
BRDA:620,143,2,0
BRDA:621,144,0,0
BRDA:621,144,1,0
BRDA:622,145,0,0
BRDA:622,146,0,0
BRDA:622,146,1,0
BRDA:629,147,0,0
BRDA:632,148,0,0
BRDA:632,148,1,0
BRDA:633,149,0,0
BRDA:633,149,1,0
BRDA:634,150,0,0
BRDA:634,151,0,0
BRDA:634,151,1,0
BRDA:37,152,0,0
BRDA:37,152,1,0
BRDA:37,153,0,0
BRDA:37,153,1,0
BRF:264
BRH:0
end_of_record
TN:
SF:src\storage\index.ts
FN:1,(anonymous_0)
FN:1,(anonymous_1)
FN:2,(anonymous_2)
FN:2,(anonymous_3)
FN:2,(anonymous_4)
FN:3,(anonymous_5)
FN:4,(anonymous_6)
FNF:7
FNH:0
FNDA:0,(anonymous_0)
FNDA:0,(anonymous_1)
FNDA:0,(anonymous_2)
FNDA:0,(anonymous_3)
FNDA:0,(anonymous_4)
FNDA:0,(anonymous_5)
FNDA:0,(anonymous_6)
DA:1,0
DA:2,0
DA:3,0
DA:4,0
LF:4
LH:0
BRF:0
BRH:0
end_of_record
TN:
SF:src\storage\preferences.controller.ts
FN:7,(anonymous_4)
FN:11,(anonymous_5)
FN:17,(anonymous_6)
FN:23,(anonymous_7)
FN:29,(anonymous_8)
FNF:5
FNH:0
FNDA:0,(anonymous_4)
FNDA:0,(anonymous_5)
FNDA:0,(anonymous_6)
FNDA:0,(anonymous_7)
FNDA:0,(anonymous_8)
DA:1,0
DA:2,0
DA:3,0
DA:6,0
DA:7,0
DA:11,0
DA:12,0
DA:17,0
DA:18,0
DA:23,0
DA:24,0
DA:29,0
DA:30,0
DA:31,0
DA:32,0
DA:34,0
LF:16
LH:0
BRDA:31,0,0,0
BRDA:17,1,0,0
BRDA:17,1,1,0
BRDA:17,2,0,0
BRDA:17,2,1,0
BRDA:7,3,0,0
BRDA:7,3,1,0
BRDA:7,4,0,0
BRDA:7,4,1,0
BRF:9
BRH:0
end_of_record
TN:
SF:src\storage\storage-adapter.factory.ts
FN:11,(anonymous_4)
FN:17,(anonymous_5)
FNF:2
FNH:2
FNDA:2,(anonymous_4)
FNDA:101,(anonymous_5)
DA:1,5
DA:2,5
DA:4,5
DA:5,5
DA:6,5
DA:7,5
DA:10,5
DA:12,2
DA:13,2
DA:14,2
DA:18,101
DA:20,36
DA:22,35
DA:24,29
DA:26,1
LF:15
LH:15
BRDA:18,0,0,36
BRDA:18,0,1,35
BRDA:18,0,2,29
BRDA:18,0,3,1
BRDA:12,1,0,5
BRDA:12,1,1,0
BRDA:12,2,0,5
BRDA:12,2,1,5
BRDA:12,3,0,5
BRDA:12,3,1,0
BRDA:12,4,0,5
BRDA:12,4,1,5
BRDA:13,5,0,5
BRDA:13,5,1,0
BRDA:13,6,0,5
BRDA:13,6,1,5
BRF:16
BRH:13
end_of_record
TN:
SF:src\storage\storage.module.ts
FNF:0
FNH:0
DA:1,0
DA:2,0
DA:3,0
DA:4,0
DA:5,0
DA:6,0
DA:17,0
LF:7
LH:0
BRF:0
BRH:0
end_of_record
TN:
SF:src\storage\storage.tokens.ts
FNF:0
FNH:0
DA:1,5
DA:2,5
DA:3,5
LF:3
LH:3
BRF:0
BRH:0
end_of_record
TN:
SF:src\storage\user-preferences.module.ts
FNF:0
FNH:0
DA:1,0
DA:2,0
DA:3,0
DA:4,0
DA:12,0
LF:5
LH:0
BRF:0
BRH:0
end_of_record
TN:
SF:src\storage\user-preferences.service.ts
FN:14,(anonymous_2)
FN:16,(anonymous_3)
FN:30,(anonymous_4)
FN:38,(anonymous_5)
FN:44,(anonymous_6)
FN:48,(anonymous_7)
FNF:6
FNH:0
FNDA:0,(anonymous_2)
FNDA:0,(anonymous_3)
FNDA:0,(anonymous_4)
FNDA:0,(anonymous_5)
FNDA:0,(anonymous_6)
FNDA:0,(anonymous_7)
DA:1,0
DA:2,0
DA:13,0
DA:14,0
DA:17,0
DA:21,0
DA:22,0
DA:27,0
DA:31,0
DA:39,0
DA:45,0
DA:49,0
LF:12
LH:0
BRDA:21,0,0,0
BRDA:14,1,0,0
BRDA:14,1,1,0
BRDA:14,2,0,0
BRDA:14,2,1,0
BRF:5
BRH:0
end_of_record
TN:
SF:src\storage\adapters\drive.adapter.ts
FN:6,(anonymous_10)
FN:13,(anonymous_11)
FN:20,(anonymous_12)
FN:31,(anonymous_13)
FN:45,(anonymous_14)
FN:65,(anonymous_15)
FN:76,(anonymous_16)
FN:82,(anonymous_17)
FN:110,(anonymous_18)
FN:111,(anonymous_19)
FN:130,(anonymous_20)
FN:136,(anonymous_21)
FN:141,(anonymous_22)
FN:148,(anonymous_23)
FN:152,(anonymous_24)
FN:184,(anonymous_25)
FNF:16
FNH:0
FNDA:0,(anonymous_10)
FNDA:0,(anonymous_11)
FNDA:0,(anonymous_12)
FNDA:0,(anonymous_13)
FNDA:0,(anonymous_14)
FNDA:0,(anonymous_15)
FNDA:0,(anonymous_16)
FNDA:0,(anonymous_17)
FNDA:0,(anonymous_18)
FNDA:0,(anonymous_19)
FNDA:0,(anonymous_20)
FNDA:0,(anonymous_21)
FNDA:0,(anonymous_22)
FNDA:0,(anonymous_23)
FNDA:0,(anonymous_24)
FNDA:0,(anonymous_25)
DA:1,5
DA:2,5
DA:6,5
DA:11,0
DA:14,0
DA:15,0
DA:16,0
DA:17,0
DA:21,0
DA:22,0
DA:24,0
DA:32,0
DA:33,0
DA:37,0
DA:38,0
DA:46,0
DA:47,0
DA:49,0
DA:50,0
DA:58,0
DA:66,0
DA:67,0
DA:68,0
DA:69,0
DA:82,0
DA:83,0
DA:85,0
DA:95,0
DA:98,0
DA:103,0
DA:111,0
DA:112,0
DA:113,0
DA:115,0
DA:124,0
DA:131,0
DA:132,0
DA:133,0
DA:138,0
DA:142,0
DA:149,0
DA:153,0
DA:156,0
DA:160,0
DA:161,0
DA:167,0
DA:168,0
DA:175,0
DA:178,0
DA:185,0
LF:50
LH:3
BRDA:21,0,0,0
BRDA:33,1,0,0
BRDA:33,1,1,0
BRDA:38,2,0,0
BRDA:38,2,1,0
BRDA:47,3,0,0
BRDA:54,4,0,0
BRDA:54,4,1,0
BRDA:132,5,0,0
BRDA:132,5,1,0
BRDA:156,6,0,0
BRDA:156,6,1,0
BRDA:167,7,0,0
BRDA:167,7,1,0
BRDA:170,8,0,0
BRDA:170,8,1,0
BRDA:171,9,0,0
BRDA:171,9,1,0
BRDA:175,10,0,0
BRDA:175,10,1,0
BRDA:185,11,0,0
BRDA:185,11,1,0
BRF:22
BRH:0
end_of_record
TN:
SF:src\storage\adapters\nas.adapter.ts
FN:13,(anonymous_11)
FN:18,(anonymous_12)
FN:25,(anonymous_13)
FN:35,(anonymous_14)
FN:40,(anonymous_15)
FNF:5
FNH:0
FNDA:0,(anonymous_11)
FNDA:0,(anonymous_12)
FNDA:0,(anonymous_13)
FNDA:0,(anonymous_14)
FNDA:0,(anonymous_15)
DA:1,5
DA:2,5
DA:3,5
DA:4,5
DA:5,5
DA:9,5
DA:13,0
DA:14,0
DA:15,0
DA:19,0
DA:20,0
DA:21,0
DA:22,0
DA:26,0
DA:27,0
DA:28,0
DA:32,0
DA:36,0
DA:37,0
DA:41,0
DA:42,0
DA:43,0
DA:45,0
DA:46,0
DA:47,0
DA:48,0
DA:49,0
DA:50,0
DA:58,0
LF:29
LH:6
BRDA:14,0,0,0
BRDA:14,0,1,0
BRDA:15,1,0,0
BRDA:15,1,1,0
BRDA:46,2,0,0
BRDA:13,3,0,5
BRDA:13,3,1,0
BRDA:13,4,0,5
BRDA:13,4,1,5
BRF:9
BRH:3
end_of_record
TN:
SF:src\storage\adapters\s3.adapter.ts
FN:17,(anonymous_2)
FN:32,(anonymous_3)
FN:44,(anonymous_4)
FN:54,(anonymous_5)
FN:63,(anonymous_6)
FNF:5
FNH:0
FNDA:0,(anonymous_2)
FNDA:0,(anonymous_3)
FNDA:0,(anonymous_4)
FNDA:0,(anonymous_5)
FNDA:0,(anonymous_6)
DA:1,5
DA:2,5
DA:3,5
DA:12,5
DA:17,0
DA:18,0
DA:19,0
DA:20,0
DA:22,0
DA:33,0
DA:41,0
DA:46,0
DA:47,0
DA:50,0
DA:51,0
DA:55,0
DA:64,0
DA:67,0
DA:68,0
DA:76,0
DA:77,0
DA:78,0
DA:86,0
DA:89,0
LF:24
LH:4
BRDA:19,0,0,0
BRDA:19,0,1,0
BRDA:20,1,0,0
BRDA:20,1,1,0
BRDA:23,2,0,0
BRDA:23,2,1,0
BRDA:28,3,0,0
BRDA:28,3,1,0
BRDA:46,4,0,0
BRDA:50,5,0,0
BRDA:50,5,1,0
BRDA:76,6,0,0
BRDA:76,6,1,0
BRDA:77,7,0,0
BRDA:80,8,0,0
BRDA:80,8,1,0
BRDA:17,9,0,5
BRDA:17,9,1,0
BRDA:17,10,0,5
BRDA:17,10,1,5
BRF:20
BRH:3
end_of_record
TN:
SF:src\subscription\premium-features.guard.ts
FN:6,(anonymous_2)
FN:8,(anonymous_3)
FN:33,(anonymous_4)
FN:40,RequirePremiumFeature
FNF:4
FNH:0
FNDA:0,(anonymous_2)
FNDA:0,(anonymous_3)
FNDA:0,(anonymous_4)
FNDA:0,RequirePremiumFeature
DA:1,0
DA:2,0
DA:5,0
DA:6,0
DA:9,0
DA:10,0
DA:12,0
DA:13,0
DA:17,0
DA:19,0
DA:20,0
DA:24,0
DA:26,0
DA:27,0
DA:30,0
DA:34,0
DA:35,0
DA:40,0
DA:41,0
LF:19
LH:0
BRDA:12,0,0,0
BRDA:19,1,0,0
BRDA:26,2,0,0
BRDA:35,3,0,0
BRDA:35,3,1,0
BRDA:6,4,0,0
BRDA:6,4,1,0
BRDA:6,5,0,0
BRDA:6,5,1,0
BRF:9
BRH:0
end_of_record
TN:
SF:src\subscription\subscription.controller.ts
FN:9,(anonymous_4)
FN:12,(anonymous_5)
FNF:2
FNH:0
FNDA:0,(anonymous_4)
FNDA:0,(anonymous_5)
DA:1,0
DA:3,0
DA:8,0
DA:9,0
DA:12,0
DA:13,0
LF:6
LH:0
BRDA:12,0,0,0
BRDA:12,0,1,0
BRDA:12,1,0,0
BRDA:12,1,1,0
BRDA:12,2,0,0
BRDA:12,2,1,0
BRDA:12,3,0,0
BRDA:12,3,1,0
BRDA:9,4,0,0
BRDA:9,4,1,0
BRDA:9,5,0,0
BRDA:9,5,1,0
BRF:12
BRH:0
end_of_record
TN:
SF:src\subscription\subscription.module.ts
FNF:0
FNH:0
DA:1,0
DA:2,0
DA:3,0
DA:4,0
DA:12,0
LF:5
LH:0
BRF:0
BRH:0
end_of_record
TN:
SF:src\subscription\subscription.service.ts
FN:14,(anonymous_2)
FN:24,(anonymous_3)
FN:45,(anonymous_4)
FN:51,(anonymous_5)
FN:70,(anonymous_6)
FN:82,(anonymous_7)
FN:98,(anonymous_8)
FNF:7
FNH:5
FNDA:4,(anonymous_2)
FNDA:0,(anonymous_3)
FNDA:10,(anonymous_4)
FNDA:10,(anonymous_5)
FNDA:21,(anonymous_6)
FNDA:110,(anonymous_7)
FNDA:0,(anonymous_8)
DA:1,1
DA:2,1
DA:3,1
DA:4,1
DA:6,1
DA:13,1
DA:15,4
DA:16,4
DA:25,0
DA:26,0
DA:28,0
DA:30,0
DA:31,0
DA:33,0
DA:34,0
DA:46,10
DA:47,10
DA:49,10
DA:51,10
DA:52,10
DA:60,10
DA:62,0
DA:70,1
DA:72,21
DA:80,21
DA:82,110
DA:84,20
DA:98,1
DA:100,0
DA:101,0
DA:102,0
DA:105,0
DA:117,0
DA:118,0
DA:121,0
DA:123,0
DA:127,0
LF:37
LH:20
BRDA:26,0,0,0
BRDA:28,1,0,0
BRDA:31,2,0,0
BRDA:34,3,0,0
BRDA:47,4,0,0
BRDA:49,5,0,10
BRDA:49,5,1,5
BRDA:80,6,0,1
BRDA:121,7,0,0
BRDA:121,7,1,0
BRDA:123,8,0,0
BRDA:123,8,1,0
BRDA:70,9,0,1
BRDA:70,9,1,0
BRDA:70,10,0,1
BRDA:70,10,1,1
BRDA:98,11,0,1
BRDA:98,11,1,0
BRDA:98,12,0,1
BRDA:98,12,1,1
BRDA:15,13,0,1
BRDA:15,13,1,0
BRDA:15,14,0,1
BRDA:15,14,1,1
BRDA:15,15,0,1
BRDA:15,15,1,0
BRDA:15,16,0,1
BRDA:15,16,1,1
BRF:28
BRH:15
end_of_record
TN:
SF:src\test\mocks.factory.ts
FN:6,(anonymous_0)
FN:51,(anonymous_1)
FN:54,(anonymous_2)
FN:64,(anonymous_3)
FN:81,(anonymous_4)
FN:87,(anonymous_5)
FN:88,(anonymous_6)
FN:100,(anonymous_7)
FN:106,(anonymous_8)
FN:119,(anonymous_9)
FN:125,(anonymous_10)
FNF:11
FNH:0
FNDA:0,(anonymous_0)
FNDA:0,(anonymous_1)
FNDA:0,(anonymous_2)
FNDA:0,(anonymous_3)
FNDA:0,(anonymous_4)
FNDA:0,(anonymous_5)
FNDA:0,(anonymous_6)
FNDA:0,(anonymous_7)
FNDA:0,(anonymous_8)
FNDA:0,(anonymous_9)
FNDA:0,(anonymous_10)
DA:6,0
DA:51,0
DA:54,0
DA:64,0
DA:81,0
DA:87,0
DA:89,0
DA:96,0
DA:100,0
DA:106,0
DA:119,0
DA:125,0
LF:12
LH:0
BRF:0
BRH:0
end_of_record
